{"/home/guna1/Documents/Skripsi/WebsiteV2/ma-annur-be/app.js": {"path":"/home/guna1/Documents/Skripsi/WebsiteV2/ma-annur-be/app.js","statementMap":{"0":{"start":{"line":15,"column":0},"end":{"line":15,"column":27}},"1":{"start":{"line":17,"column":16},"end":{"line":17,"column":34}},"2":{"start":{"line":18,"column":13},"end":{"line":18,"column":28}},"3":{"start":{"line":19,"column":15},"end":{"line":19,"column":32}},"4":{"start":{"line":20,"column":18},"end":{"line":20,"column":47}},"5":{"start":{"line":21,"column":15},"end":{"line":21,"column":32}},"6":{"start":{"line":22,"column":13},"end":{"line":22,"column":28}},"7":{"start":{"line":23,"column":18},"end":{"line":23,"column":47}},"8":{"start":{"line":24,"column":20},"end":{"line":24,"column":47}},"9":{"start":{"line":26,"column":19},"end":{"line":26,"column":49}},"10":{"start":{"line":27,"column":20},"end":{"line":27,"column":51}},"11":{"start":{"line":28,"column":21},"end":{"line":28,"column":53}},"12":{"start":{"line":29,"column":24},"end":{"line":29,"column":59}},"13":{"start":{"line":31,"column":12},"end":{"line":31,"column":21}},"14":{"start":{"line":40,"column":0},"end":{"line":42,"column":4}},"15":{"start":{"line":47,"column":23},"end":{"line":49,"column":33}},"16":{"start":{"line":49,"column":19},"end":{"line":49,"column":32}},"17":{"start":{"line":51,"column":0},"end":{"line":62,"column":4}},"18":{"start":{"line":53,"column":4},"end":{"line":53,"column":45}},"19":{"start":{"line":53,"column":17},"end":{"line":53,"column":45}},"20":{"start":{"line":54,"column":4},"end":{"line":56,"column":5}},"21":{"start":{"line":55,"column":6},"end":{"line":55,"column":34}},"22":{"start":{"line":57,"column":4},"end":{"line":57,"column":78}},"23":{"start":{"line":68,"column":0},"end":{"line":93,"column":1}},"24":{"start":{"line":69,"column":24},"end":{"line":78,"column":4}},"25":{"start":{"line":80,"column":22},"end":{"line":89,"column":4}},"26":{"start":{"line":91,"column":2},"end":{"line":91,"column":25}},"27":{"start":{"line":92,"column":2},"end":{"line":92,"column":36}},"28":{"start":{"line":118,"column":0},"end":{"line":120,"column":1}},"29":{"start":{"line":119,"column":2},"end":{"line":119,"column":25}},"30":{"start":{"line":125,"column":0},"end":{"line":125,"column":24}},"31":{"start":{"line":126,"column":0},"end":{"line":126,"column":48}},"32":{"start":{"line":129,"column":0},"end":{"line":129,"column":69}},"33":{"start":{"line":134,"column":0},"end":{"line":140,"column":4}},"34":{"start":{"line":142,"column":0},"end":{"line":145,"column":3}},"35":{"start":{"line":143,"column":2},"end":{"line":143,"column":52}},"36":{"start":{"line":144,"column":2},"end":{"line":144,"column":24}},"37":{"start":{"line":150,"column":0},"end":{"line":150,"column":33}},"38":{"start":{"line":151,"column":0},"end":{"line":151,"column":35}},"39":{"start":{"line":152,"column":0},"end":{"line":152,"column":37}},"40":{"start":{"line":153,"column":0},"end":{"line":153,"column":43}},"41":{"start":{"line":159,"column":0},"end":{"line":166,"column":3}},"42":{"start":{"line":160,"column":2},"end":{"line":165,"column":5}},"43":{"start":{"line":168,"column":0},"end":{"line":170,"column":3}},"44":{"start":{"line":169,"column":2},"end":{"line":169,"column":80}},"45":{"start":{"line":172,"column":0},"end":{"line":179,"column":3}},"46":{"start":{"line":173,"column":2},"end":{"line":173,"column":49}},"47":{"start":{"line":174,"column":2},"end":{"line":178,"column":5}},"48":{"start":{"line":181,"column":0},"end":{"line":181,"column":21}}},"fnMap":{"0":{"name":"(anonymous_0)","decl":{"start":{"line":49,"column":7},"end":{"line":49,"column":8}},"loc":{"start":{"line":49,"column":19},"end":{"line":49,"column":32}},"line":49},"1":{"name":"(anonymous_1)","decl":{"start":{"line":52,"column":10},"end":{"line":52,"column":11}},"loc":{"start":{"line":52,"column":32},"end":{"line":58,"column":3}},"line":52},"2":{"name":"(anonymous_2)","decl":{"start":{"line":142,"column":26},"end":{"line":142,"column":27}},"loc":{"start":{"line":142,"column":40},"end":{"line":145,"column":1}},"line":142},"3":{"name":"(anonymous_3)","decl":{"start":{"line":159,"column":13},"end":{"line":159,"column":14}},"loc":{"start":{"line":159,"column":27},"end":{"line":166,"column":1}},"line":159},"4":{"name":"(anonymous_4)","decl":{"start":{"line":168,"column":8},"end":{"line":168,"column":9}},"loc":{"start":{"line":168,"column":22},"end":{"line":170,"column":1}},"line":168},"5":{"name":"(anonymous_5)","decl":{"start":{"line":172,"column":8},"end":{"line":172,"column":9}},"loc":{"start":{"line":172,"column":33},"end":{"line":179,"column":1}},"line":172}},"branchMap":{"0":{"loc":{"start":{"line":47,"column":24},"end":{"line":47,"column":100}},"type":"binary-expr","locations":[{"start":{"line":47,"column":24},"end":{"line":47,"column":51}},{"start":{"line":47,"column":55},"end":{"line":47,"column":100}}],"line":47},"1":{"loc":{"start":{"line":53,"column":4},"end":{"line":53,"column":45}},"type":"if","locations":[{"start":{"line":53,"column":4},"end":{"line":53,"column":45}},{"start":{},"end":{}}],"line":53},"2":{"loc":{"start":{"line":54,"column":4},"end":{"line":56,"column":5}},"type":"if","locations":[{"start":{"line":54,"column":4},"end":{"line":56,"column":5}},{"start":{},"end":{}}],"line":54},"3":{"loc":{"start":{"line":68,"column":0},"end":{"line":93,"column":1}},"type":"if","locations":[{"start":{"line":68,"column":0},"end":{"line":93,"column":1}},{"start":{},"end":{}}],"line":68},"4":{"loc":{"start":{"line":118,"column":0},"end":{"line":120,"column":1}},"type":"if","locations":[{"start":{"line":118,"column":0},"end":{"line":120,"column":1}},{"start":{},"end":{}}],"line":118},"5":{"loc":{"start":{"line":177,"column":11},"end":{"line":177,"column":75}},"type":"cond-expr","locations":[{"start":{"line":177,"column":52},"end":{"line":177,"column":63}},{"start":{"line":177,"column":66},"end":{"line":177,"column":75}}],"line":177}},"s":{"0":4,"1":4,"2":4,"3":4,"4":4,"5":4,"6":4,"7":4,"8":4,"9":4,"10":4,"11":4,"12":4,"13":4,"14":4,"15":4,"16":8,"17":4,"18":40,"19":40,"20":0,"21":0,"22":0,"23":4,"24":0,"25":0,"26":0,"27":0,"28":4,"29":0,"30":4,"31":4,"32":4,"33":4,"34":4,"35":0,"36":0,"37":4,"38":4,"39":4,"40":4,"41":4,"42":0,"43":4,"44":0,"45":4,"46":0,"47":0,"48":4},"f":{"0":8,"1":40,"2":0,"3":0,"4":0,"5":0},"b":{"0":[4,0],"1":[40,0],"2":[0,0],"3":[0,4],"4":[0,4],"5":[0,0]},"_coverageSchema":"1a1c01bbd47fc00a2c39e90264f33305004495a9","hash":"b76e84888a8158feb51487c0b2fd56ac75df6402"}
,"/home/guna1/Documents/Skripsi/WebsiteV2/ma-annur-be/config/swagger.js": {"path":"/home/guna1/Documents/Skripsi/WebsiteV2/ma-annur-be/config/swagger.js","statementMap":{"0":{"start":{"line":1,"column":21},"end":{"line":1,"column":45}},"1":{"start":{"line":3,"column":16},"end":{"line":208,"column":1}},"2":{"start":{"line":210,"column":20},"end":{"line":210,"column":41}},"3":{"start":{"line":212,"column":0},"end":{"line":212,"column":29}}},"fnMap":{},"branchMap":{},"s":{"0":4,"1":4,"2":4,"3":4},"f":{},"b":{},"_coverageSchema":"1a1c01bbd47fc00a2c39e90264f33305004495a9","hash":"1179653e26449592cc9d678b89063d15b6ef57f7"}
,"/home/guna1/Documents/Skripsi/WebsiteV2/ma-annur-be/controllers/authController.js": {"path":"/home/guna1/Documents/Skripsi/WebsiteV2/ma-annur-be/controllers/authController.js","statementMap":{"0":{"start":{"line":1,"column":15},"end":{"line":1,"column":34}},"1":{"start":{"line":2,"column":12},"end":{"line":2,"column":35}},"2":{"start":{"line":3,"column":18},"end":{"line":3,"column":48}},"3":{"start":{"line":5,"column":20},"end":{"line":5,"column":22}},"4":{"start":{"line":12,"column":17},"end":{"line":52,"column":1}},"5":{"start":{"line":13,"column":2},"end":{"line":51,"column":3}},"6":{"start":{"line":14,"column":38},"end":{"line":14,"column":46}},"7":{"start":{"line":17,"column":25},"end":{"line":17,"column":59}},"8":{"start":{"line":18,"column":4},"end":{"line":23,"column":5}},"9":{"start":{"line":19,"column":6},"end":{"line":22,"column":9}},"10":{"start":{"line":26,"column":27},"end":{"line":26,"column":67}},"11":{"start":{"line":29,"column":20},"end":{"line":33,"column":6}},"12":{"start":{"line":35,"column":4},"end":{"line":43,"column":7}},"13":{"start":{"line":45,"column":4},"end":{"line":45,"column":44}},"14":{"start":{"line":46,"column":4},"end":{"line":50,"column":7}},"15":{"start":{"line":59,"column":14},"end":{"line":112,"column":1}},"16":{"start":{"line":60,"column":2},"end":{"line":111,"column":3}},"17":{"start":{"line":61,"column":32},"end":{"line":61,"column":40}},"18":{"start":{"line":64,"column":17},"end":{"line":64,"column":51}},"19":{"start":{"line":65,"column":4},"end":{"line":70,"column":5}},"20":{"start":{"line":66,"column":6},"end":{"line":69,"column":9}},"21":{"start":{"line":73,"column":20},"end":{"line":73,"column":65}},"22":{"start":{"line":74,"column":4},"end":{"line":79,"column":5}},"23":{"start":{"line":75,"column":6},"end":{"line":78,"column":9}},"24":{"start":{"line":82,"column":20},"end":{"line":86,"column":5}},"25":{"start":{"line":88,"column":18},"end":{"line":90,"column":6}},"26":{"start":{"line":92,"column":4},"end":{"line":103,"column":7}},"27":{"start":{"line":105,"column":4},"end":{"line":105,"column":41}},"28":{"start":{"line":106,"column":4},"end":{"line":110,"column":7}},"29":{"start":{"line":118,"column":14},"end":{"line":140,"column":1}},"30":{"start":{"line":119,"column":2},"end":{"line":139,"column":3}},"31":{"start":{"line":120,"column":17},"end":{"line":120,"column":54}},"32":{"start":{"line":121,"column":4},"end":{"line":126,"column":5}},"33":{"start":{"line":122,"column":6},"end":{"line":125,"column":9}},"34":{"start":{"line":128,"column":4},"end":{"line":131,"column":7}},"35":{"start":{"line":133,"column":4},"end":{"line":133,"column":41}},"36":{"start":{"line":134,"column":4},"end":{"line":138,"column":7}},"37":{"start":{"line":142,"column":0},"end":{"line":142,"column":44}}},"fnMap":{"0":{"name":"(anonymous_0)","decl":{"start":{"line":12,"column":17},"end":{"line":12,"column":18}},"loc":{"start":{"line":12,"column":37},"end":{"line":52,"column":1}},"line":12},"1":{"name":"(anonymous_1)","decl":{"start":{"line":59,"column":14},"end":{"line":59,"column":15}},"loc":{"start":{"line":59,"column":34},"end":{"line":112,"column":1}},"line":59},"2":{"name":"(anonymous_2)","decl":{"start":{"line":118,"column":14},"end":{"line":118,"column":15}},"loc":{"start":{"line":118,"column":34},"end":{"line":140,"column":1}},"line":118}},"branchMap":{"0":{"loc":{"start":{"line":18,"column":4},"end":{"line":23,"column":5}},"type":"if","locations":[{"start":{"line":18,"column":4},"end":{"line":23,"column":5}},{"start":{},"end":{}}],"line":18},"1":{"loc":{"start":{"line":32,"column":12},"end":{"line":32,"column":33}},"type":"binary-expr","locations":[{"start":{"line":32,"column":12},"end":{"line":32,"column":16}},{"start":{"line":32,"column":20},"end":{"line":32,"column":33}}],"line":32},"2":{"loc":{"start":{"line":65,"column":4},"end":{"line":70,"column":5}},"type":"if","locations":[{"start":{"line":65,"column":4},"end":{"line":70,"column":5}},{"start":{},"end":{}}],"line":65},"3":{"loc":{"start":{"line":74,"column":4},"end":{"line":79,"column":5}},"type":"if","locations":[{"start":{"line":74,"column":4},"end":{"line":79,"column":5}},{"start":{},"end":{}}],"line":74},"4":{"loc":{"start":{"line":89,"column":17},"end":{"line":89,"column":51}},"type":"binary-expr","locations":[{"start":{"line":89,"column":17},"end":{"line":89,"column":43}},{"start":{"line":89,"column":47},"end":{"line":89,"column":51}}],"line":89},"5":{"loc":{"start":{"line":121,"column":4},"end":{"line":126,"column":5}},"type":"if","locations":[{"start":{"line":121,"column":4},"end":{"line":126,"column":5}},{"start":{},"end":{}}],"line":121}},"s":{"0":4,"1":4,"2":4,"3":4,"4":4,"5":2,"6":2,"7":2,"8":2,"9":1,"10":1,"11":1,"12":1,"13":0,"14":0,"15":4,"16":3,"17":3,"18":3,"19":3,"20":1,"21":2,"22":2,"23":1,"24":1,"25":1,"26":1,"27":0,"28":0,"29":4,"30":1,"31":1,"32":1,"33":0,"34":1,"35":0,"36":0,"37":4},"f":{"0":2,"1":3,"2":1},"b":{"0":[1,1],"1":[1,1],"2":[1,2],"3":[1,1],"4":[1,0],"5":[0,1]},"_coverageSchema":"1a1c01bbd47fc00a2c39e90264f33305004495a9","hash":"80ac1de6328b17bbd5cdd3c0499a3945f7e22a62"}
,"/home/guna1/Documents/Skripsi/WebsiteV2/ma-annur-be/controllers/beritaController.js": {"path":"/home/guna1/Documents/Skripsi/WebsiteV2/ma-annur-be/controllers/beritaController.js","statementMap":{"0":{"start":{"line":1,"column":20},"end":{"line":1,"column":52}},"1":{"start":{"line":6,"column":21},"end":{"line":13,"column":1}},"2":{"start":{"line":7,"column":2},"end":{"line":12,"column":12}},"3":{"start":{"line":20,"column":27},"end":{"line":40,"column":1}},"4":{"start":{"line":21,"column":2},"end":{"line":39,"column":3}},"5":{"start":{"line":22,"column":17},"end":{"line":22,"column":59}},"6":{"start":{"line":23,"column":18},"end":{"line":23,"column":77}},"7":{"start":{"line":25,"column":19},"end":{"line":25,"column":70}},"8":{"start":{"line":27,"column":4},"end":{"line":31,"column":7}},"9":{"start":{"line":33,"column":4},"end":{"line":33,"column":56}},"10":{"start":{"line":34,"column":4},"end":{"line":38,"column":7}},"11":{"start":{"line":47,"column":21},"end":{"line":67,"column":1}},"12":{"start":{"line":48,"column":2},"end":{"line":66,"column":3}},"13":{"start":{"line":49,"column":17},"end":{"line":49,"column":59}},"14":{"start":{"line":50,"column":18},"end":{"line":50,"column":77}},"15":{"start":{"line":52,"column":19},"end":{"line":52,"column":61}},"16":{"start":{"line":54,"column":4},"end":{"line":58,"column":7}},"17":{"start":{"line":60,"column":4},"end":{"line":60,"column":50}},"18":{"start":{"line":61,"column":4},"end":{"line":65,"column":7}},"19":{"start":{"line":73,"column":24},"end":{"line":97,"column":1}},"20":{"start":{"line":74,"column":2},"end":{"line":96,"column":3}},"21":{"start":{"line":75,"column":21},"end":{"line":75,"column":31}},"22":{"start":{"line":76,"column":19},"end":{"line":76,"column":53}},"23":{"start":{"line":78,"column":4},"end":{"line":83,"column":5}},"24":{"start":{"line":79,"column":6},"end":{"line":82,"column":9}},"25":{"start":{"line":85,"column":4},"end":{"line":88,"column":7}},"26":{"start":{"line":90,"column":4},"end":{"line":90,"column":54}},"27":{"start":{"line":91,"column":4},"end":{"line":95,"column":7}},"28":{"start":{"line":104,"column":21},"end":{"line":143,"column":1}},"29":{"start":{"line":105,"column":2},"end":{"line":142,"column":3}},"30":{"start":{"line":106,"column":21},"end":{"line":106,"column":32}},"31":{"start":{"line":107,"column":38},"end":{"line":107,"column":46}},"32":{"start":{"line":110,"column":15},"end":{"line":110,"column":34}},"33":{"start":{"line":113,"column":25},"end":{"line":113,"column":59}},"34":{"start":{"line":114,"column":4},"end":{"line":116,"column":5}},"35":{"start":{"line":115,"column":6},"end":{"line":115,"column":37}},"36":{"start":{"line":119,"column":25},"end":{"line":119,"column":74}},"37":{"start":{"line":121,"column":19},"end":{"line":128,"column":6}},"38":{"start":{"line":130,"column":4},"end":{"line":134,"column":7}},"39":{"start":{"line":136,"column":4},"end":{"line":136,"column":49}},"40":{"start":{"line":137,"column":4},"end":{"line":141,"column":7}},"41":{"start":{"line":150,"column":21},"end":{"line":198,"column":1}},"42":{"start":{"line":151,"column":2},"end":{"line":197,"column":3}},"43":{"start":{"line":152,"column":19},"end":{"line":152,"column":29}},"44":{"start":{"line":153,"column":38},"end":{"line":153,"column":46}},"45":{"start":{"line":155,"column":21},"end":{"line":155,"column":51}},"46":{"start":{"line":156,"column":4},"end":{"line":161,"column":5}},"47":{"start":{"line":157,"column":6},"end":{"line":160,"column":9}},"48":{"start":{"line":164,"column":15},"end":{"line":164,"column":28}},"49":{"start":{"line":165,"column":4},"end":{"line":171,"column":5}},"50":{"start":{"line":166,"column":6},"end":{"line":166,"column":33}},"51":{"start":{"line":167,"column":28},"end":{"line":167,"column":62}},"52":{"start":{"line":168,"column":6},"end":{"line":170,"column":7}},"53":{"start":{"line":169,"column":8},"end":{"line":169,"column":39}},"54":{"start":{"line":174,"column":25},"end":{"line":176,"column":29}},"55":{"start":{"line":178,"column":4},"end":{"line":184,"column":7}},"56":{"start":{"line":186,"column":4},"end":{"line":189,"column":7}},"57":{"start":{"line":191,"column":4},"end":{"line":191,"column":49}},"58":{"start":{"line":192,"column":4},"end":{"line":196,"column":7}},"59":{"start":{"line":204,"column":21},"end":{"line":230,"column":1}},"60":{"start":{"line":205,"column":2},"end":{"line":229,"column":3}},"61":{"start":{"line":206,"column":19},"end":{"line":206,"column":29}},"62":{"start":{"line":208,"column":21},"end":{"line":208,"column":51}},"63":{"start":{"line":209,"column":4},"end":{"line":214,"column":5}},"64":{"start":{"line":210,"column":6},"end":{"line":213,"column":9}},"65":{"start":{"line":216,"column":4},"end":{"line":216,"column":33}},"66":{"start":{"line":218,"column":4},"end":{"line":221,"column":7}},"67":{"start":{"line":223,"column":4},"end":{"line":223,"column":49}},"68":{"start":{"line":224,"column":4},"end":{"line":228,"column":7}},"69":{"start":{"line":232,"column":0},"end":{"line":239,"column":2}}},"fnMap":{"0":{"name":"(anonymous_0)","decl":{"start":{"line":6,"column":21},"end":{"line":6,"column":22}},"loc":{"start":{"line":6,"column":32},"end":{"line":13,"column":1}},"line":6},"1":{"name":"(anonymous_1)","decl":{"start":{"line":20,"column":27},"end":{"line":20,"column":28}},"loc":{"start":{"line":20,"column":47},"end":{"line":40,"column":1}},"line":20},"2":{"name":"(anonymous_2)","decl":{"start":{"line":47,"column":21},"end":{"line":47,"column":22}},"loc":{"start":{"line":47,"column":41},"end":{"line":67,"column":1}},"line":47},"3":{"name":"(anonymous_3)","decl":{"start":{"line":73,"column":24},"end":{"line":73,"column":25}},"loc":{"start":{"line":73,"column":44},"end":{"line":97,"column":1}},"line":73},"4":{"name":"(anonymous_4)","decl":{"start":{"line":104,"column":21},"end":{"line":104,"column":22}},"loc":{"start":{"line":104,"column":41},"end":{"line":143,"column":1}},"line":104},"5":{"name":"(anonymous_5)","decl":{"start":{"line":150,"column":21},"end":{"line":150,"column":22}},"loc":{"start":{"line":150,"column":41},"end":{"line":198,"column":1}},"line":150},"6":{"name":"(anonymous_6)","decl":{"start":{"line":204,"column":21},"end":{"line":204,"column":22}},"loc":{"start":{"line":204,"column":41},"end":{"line":230,"column":1}},"line":204}},"branchMap":{"0":{"loc":{"start":{"line":22,"column":29},"end":{"line":22,"column":58}},"type":"binary-expr","locations":[{"start":{"line":22,"column":29},"end":{"line":22,"column":53}},{"start":{"line":22,"column":57},"end":{"line":22,"column":58}}],"line":22},"1":{"loc":{"start":{"line":23,"column":44},"end":{"line":23,"column":75}},"type":"binary-expr","locations":[{"start":{"line":23,"column":44},"end":{"line":23,"column":69}},{"start":{"line":23,"column":73},"end":{"line":23,"column":75}}],"line":23},"2":{"loc":{"start":{"line":49,"column":29},"end":{"line":49,"column":58}},"type":"binary-expr","locations":[{"start":{"line":49,"column":29},"end":{"line":49,"column":53}},{"start":{"line":49,"column":57},"end":{"line":49,"column":58}}],"line":49},"3":{"loc":{"start":{"line":50,"column":44},"end":{"line":50,"column":75}},"type":"binary-expr","locations":[{"start":{"line":50,"column":44},"end":{"line":50,"column":69}},{"start":{"line":50,"column":73},"end":{"line":50,"column":75}}],"line":50},"4":{"loc":{"start":{"line":78,"column":4},"end":{"line":83,"column":5}},"type":"if","locations":[{"start":{"line":78,"column":4},"end":{"line":83,"column":5}},{"start":{},"end":{}}],"line":78},"5":{"loc":{"start":{"line":114,"column":4},"end":{"line":116,"column":5}},"type":"if","locations":[{"start":{"line":114,"column":4},"end":{"line":116,"column":5}},{"start":{},"end":{}}],"line":114},"6":{"loc":{"start":{"line":119,"column":25},"end":{"line":119,"column":74}},"type":"cond-expr","locations":[{"start":{"line":119,"column":36},"end":{"line":119,"column":67}},{"start":{"line":119,"column":70},"end":{"line":119,"column":74}}],"line":119},"7":{"loc":{"start":{"line":127,"column":14},"end":{"line":127,"column":31}},"type":"binary-expr","locations":[{"start":{"line":127,"column":14},"end":{"line":127,"column":20}},{"start":{"line":127,"column":24},"end":{"line":127,"column":31}}],"line":127},"8":{"loc":{"start":{"line":156,"column":4},"end":{"line":161,"column":5}},"type":"if","locations":[{"start":{"line":156,"column":4},"end":{"line":161,"column":5}},{"start":{},"end":{}}],"line":156},"9":{"loc":{"start":{"line":165,"column":4},"end":{"line":171,"column":5}},"type":"if","locations":[{"start":{"line":165,"column":4},"end":{"line":171,"column":5}},{"start":{},"end":{}}],"line":165},"10":{"loc":{"start":{"line":165,"column":8},"end":{"line":165,"column":41}},"type":"binary-expr","locations":[{"start":{"line":165,"column":8},"end":{"line":165,"column":13}},{"start":{"line":165,"column":17},"end":{"line":165,"column":41}}],"line":165},"11":{"loc":{"start":{"line":168,"column":6},"end":{"line":170,"column":7}},"type":"if","locations":[{"start":{"line":168,"column":6},"end":{"line":170,"column":7}},{"start":{},"end":{}}],"line":168},"12":{"loc":{"start":{"line":168,"column":10},"end":{"line":168,"column":60}},"type":"binary-expr","locations":[{"start":{"line":168,"column":10},"end":{"line":168,"column":23}},{"start":{"line":168,"column":27},"end":{"line":168,"column":60}}],"line":168},"13":{"loc":{"start":{"line":174,"column":25},"end":{"line":176,"column":29}},"type":"cond-expr","locations":[{"start":{"line":175,"column":8},"end":{"line":175,"column":39}},{"start":{"line":176,"column":8},"end":{"line":176,"column":29}}],"line":174},"14":{"loc":{"start":{"line":179,"column":13},"end":{"line":179,"column":36}},"type":"binary-expr","locations":[{"start":{"line":179,"column":13},"end":{"line":179,"column":18}},{"start":{"line":179,"column":22},"end":{"line":179,"column":36}}],"line":179},"15":{"loc":{"start":{"line":181,"column":14},"end":{"line":181,"column":39}},"type":"binary-expr","locations":[{"start":{"line":181,"column":14},"end":{"line":181,"column":20}},{"start":{"line":181,"column":24},"end":{"line":181,"column":39}}],"line":181},"16":{"loc":{"start":{"line":183,"column":14},"end":{"line":183,"column":39}},"type":"binary-expr","locations":[{"start":{"line":183,"column":14},"end":{"line":183,"column":20}},{"start":{"line":183,"column":24},"end":{"line":183,"column":39}}],"line":183},"17":{"loc":{"start":{"line":209,"column":4},"end":{"line":214,"column":5}},"type":"if","locations":[{"start":{"line":209,"column":4},"end":{"line":214,"column":5}},{"start":{},"end":{}}],"line":209}},"s":{"0":4,"1":4,"2":1,"3":4,"4":1,"5":1,"6":1,"7":1,"8":1,"9":0,"10":0,"11":4,"12":0,"13":0,"14":0,"15":0,"16":0,"17":0,"18":0,"19":4,"20":2,"21":2,"22":2,"23":2,"24":1,"25":1,"26":0,"27":0,"28":4,"29":1,"30":1,"31":1,"32":1,"33":1,"34":1,"35":0,"36":1,"37":1,"38":1,"39":0,"40":0,"41":4,"42":0,"43":0,"44":0,"45":0,"46":0,"47":0,"48":0,"49":0,"50":0,"51":0,"52":0,"53":0,"54":0,"55":0,"56":0,"57":0,"58":0,"59":4,"60":1,"61":1,"62":1,"63":1,"64":0,"65":1,"66":1,"67":0,"68":0,"69":4},"f":{"0":1,"1":1,"2":0,"3":2,"4":1,"5":0,"6":1},"b":{"0":[1,0],"1":[1,0],"2":[0,0],"3":[0,0],"4":[1,1],"5":[0,1],"6":[0,1],"7":[1,0],"8":[0,0],"9":[0,0],"10":[0,0],"11":[0,0],"12":[0,0],"13":[0,0],"14":[0,0],"15":[0,0],"16":[0,0],"17":[0,1]},"_coverageSchema":"1a1c01bbd47fc00a2c39e90264f33305004495a9","hash":"6669cc407547bef7417df755f64f56fd7fa6d565"}
,"/home/guna1/Documents/Skripsi/WebsiteV2/ma-annur-be/controllers/dashboardController.js": {"path":"/home/guna1/Documents/Skripsi/WebsiteV2/ma-annur-be/controllers/dashboardController.js","statementMap":{"0":{"start":{"line":1,"column":13},"end":{"line":1,"column":36}},"1":{"start":{"line":8,"column":22},"end":{"line":85,"column":1}},"2":{"start":{"line":9,"column":2},"end":{"line":84,"column":3}},"3":{"start":{"line":11,"column":25},"end":{"line":19,"column":5}},"4":{"start":{"line":22,"column":26},"end":{"line":29,"column":5}},"5":{"start":{"line":32,"column":25},"end":{"line":38,"column":5}},"6":{"start":{"line":41,"column":25},"end":{"line":47,"column":5}},"7":{"start":{"line":49,"column":18},"end":{"line":49,"column":31}},"8":{"start":{"line":50,"column":20},"end":{"line":50,"column":34}},"9":{"start":{"line":51,"column":19},"end":{"line":51,"column":32}},"10":{"start":{"line":53,"column":4},"end":{"line":76,"column":7}},"11":{"start":{"line":78,"column":4},"end":{"line":78,"column":50}},"12":{"start":{"line":79,"column":4},"end":{"line":83,"column":7}},"13":{"start":{"line":87,"column":0},"end":{"line":87,"column":35}}},"fnMap":{"0":{"name":"(anonymous_0)","decl":{"start":{"line":8,"column":22},"end":{"line":8,"column":23}},"loc":{"start":{"line":8,"column":42},"end":{"line":85,"column":1}},"line":8}},"branchMap":{},"s":{"0":4,"1":4,"2":1,"3":1,"4":1,"5":1,"6":1,"7":1,"8":1,"9":1,"10":1,"11":0,"12":0,"13":4},"f":{"0":1},"b":{},"_coverageSchema":"1a1c01bbd47fc00a2c39e90264f33305004495a9","hash":"e6b0473b0e866c3893cd05a8fe9c6f521500a248"}
,"/home/guna1/Documents/Skripsi/WebsiteV2/ma-annur-be/controllers/siswaController.js": {"path":"/home/guna1/Documents/Skripsi/WebsiteV2/ma-annur-be/controllers/siswaController.js","statementMap":{"0":{"start":{"line":1,"column":24},"end":{"line":1,"column":60}},"1":{"start":{"line":2,"column":22},"end":{"line":2,"column":56}},"2":{"start":{"line":3,"column":20},"end":{"line":3,"column":52}},"3":{"start":{"line":14,"column":22},"end":{"line":60,"column":1}},"4":{"start":{"line":15,"column":2},"end":{"line":59,"column":3}},"5":{"start":{"line":16,"column":19},"end":{"line":16,"column":30}},"6":{"start":{"line":17,"column":93},"end":{"line":17,"column":101}},"7":{"start":{"line":20,"column":21},"end":{"line":20,"column":63}},"8":{"start":{"line":21,"column":4},"end":{"line":26,"column":5}},"9":{"start":{"line":22,"column":6},"end":{"line":25,"column":9}},"10":{"start":{"line":28,"column":19},"end":{"line":36,"column":6}},"11":{"start":{"line":38,"column":4},"end":{"line":42,"column":7}},"12":{"start":{"line":44,"column":4},"end":{"line":44,"column":50}},"13":{"start":{"line":47,"column":4},"end":{"line":52,"column":5}},"14":{"start":{"line":48,"column":6},"end":{"line":51,"column":9}},"15":{"start":{"line":54,"column":4},"end":{"line":58,"column":7}},"16":{"start":{"line":67,"column":22},"end":{"line":110,"column":1}},"17":{"start":{"line":68,"column":2},"end":{"line":109,"column":3}},"18":{"start":{"line":69,"column":19},"end":{"line":69,"column":30}},"19":{"start":{"line":70,"column":93},"end":{"line":70,"column":101}},"20":{"start":{"line":73,"column":21},"end":{"line":73,"column":63}},"21":{"start":{"line":74,"column":4},"end":{"line":79,"column":5}},"22":{"start":{"line":75,"column":6},"end":{"line":78,"column":9}},"23":{"start":{"line":81,"column":4},"end":{"line":88,"column":7}},"24":{"start":{"line":90,"column":4},"end":{"line":93,"column":7}},"25":{"start":{"line":95,"column":4},"end":{"line":95,"column":50}},"26":{"start":{"line":97,"column":4},"end":{"line":102,"column":5}},"27":{"start":{"line":98,"column":6},"end":{"line":101,"column":9}},"28":{"start":{"line":104,"column":4},"end":{"line":108,"column":7}},"29":{"start":{"line":116,"column":19},"end":{"line":140,"column":1}},"30":{"start":{"line":117,"column":2},"end":{"line":139,"column":3}},"31":{"start":{"line":118,"column":19},"end":{"line":118,"column":30}},"32":{"start":{"line":120,"column":20},"end":{"line":120,"column":62}},"33":{"start":{"line":121,"column":4},"end":{"line":126,"column":5}},"34":{"start":{"line":122,"column":6},"end":{"line":125,"column":9}},"35":{"start":{"line":128,"column":4},"end":{"line":131,"column":7}},"36":{"start":{"line":133,"column":4},"end":{"line":133,"column":47}},"37":{"start":{"line":134,"column":4},"end":{"line":138,"column":7}},"38":{"start":{"line":147,"column":20},"end":{"line":167,"column":1}},"39":{"start":{"line":148,"column":2},"end":{"line":166,"column":3}},"40":{"start":{"line":149,"column":17},"end":{"line":149,"column":59}},"41":{"start":{"line":150,"column":18},"end":{"line":150,"column":77}},"42":{"start":{"line":152,"column":19},"end":{"line":152,"column":65}},"43":{"start":{"line":154,"column":4},"end":{"line":158,"column":7}},"44":{"start":{"line":160,"column":4},"end":{"line":160,"column":49}},"45":{"start":{"line":161,"column":4},"end":{"line":165,"column":7}},"46":{"start":{"line":174,"column":21},"end":{"line":201,"column":1}},"47":{"start":{"line":175,"column":2},"end":{"line":200,"column":3}},"48":{"start":{"line":176,"column":19},"end":{"line":176,"column":29}},"49":{"start":{"line":177,"column":35},"end":{"line":177,"column":43}},"50":{"start":{"line":179,"column":18},"end":{"line":179,"column":52}},"51":{"start":{"line":180,"column":4},"end":{"line":185,"column":5}},"52":{"start":{"line":181,"column":6},"end":{"line":184,"column":9}},"53":{"start":{"line":187,"column":4},"end":{"line":187,"column":63}},"54":{"start":{"line":189,"column":4},"end":{"line":192,"column":7}},"55":{"start":{"line":194,"column":4},"end":{"line":194,"column":49}},"56":{"start":{"line":195,"column":4},"end":{"line":199,"column":7}},"57":{"start":{"line":208,"column":24},"end":{"line":232,"column":1}},"58":{"start":{"line":209,"column":2},"end":{"line":231,"column":3}},"59":{"start":{"line":210,"column":21},"end":{"line":210,"column":31}},"60":{"start":{"line":212,"column":18},"end":{"line":212,"column":56}},"61":{"start":{"line":213,"column":4},"end":{"line":218,"column":5}},"62":{"start":{"line":214,"column":6},"end":{"line":217,"column":9}},"63":{"start":{"line":220,"column":4},"end":{"line":223,"column":7}},"64":{"start":{"line":225,"column":4},"end":{"line":225,"column":54}},"65":{"start":{"line":226,"column":4},"end":{"line":230,"column":7}},"66":{"start":{"line":243,"column":23},"end":{"line":289,"column":1}},"67":{"start":{"line":244,"column":2},"end":{"line":288,"column":3}},"68":{"start":{"line":245,"column":19},"end":{"line":245,"column":30}},"69":{"start":{"line":246,"column":100},"end":{"line":246,"column":108}},"70":{"start":{"line":249,"column":18},"end":{"line":249,"column":60}},"71":{"start":{"line":250,"column":4},"end":{"line":255,"column":5}},"72":{"start":{"line":251,"column":6},"end":{"line":254,"column":9}},"73":{"start":{"line":258,"column":21},"end":{"line":258,"column":69}},"74":{"start":{"line":259,"column":4},"end":{"line":264,"column":5}},"75":{"start":{"line":260,"column":6},"end":{"line":263,"column":9}},"76":{"start":{"line":266,"column":19},"end":{"line":274,"column":6}},"77":{"start":{"line":276,"column":4},"end":{"line":280,"column":7}},"78":{"start":{"line":282,"column":4},"end":{"line":282,"column":51}},"79":{"start":{"line":283,"column":4},"end":{"line":287,"column":7}},"80":{"start":{"line":296,"column":23},"end":{"line":338,"column":1}},"81":{"start":{"line":297,"column":2},"end":{"line":337,"column":3}},"82":{"start":{"line":298,"column":19},"end":{"line":298,"column":30}},"83":{"start":{"line":299,"column":100},"end":{"line":299,"column":108}},"84":{"start":{"line":301,"column":18},"end":{"line":301,"column":60}},"85":{"start":{"line":302,"column":4},"end":{"line":307,"column":5}},"86":{"start":{"line":303,"column":6},"end":{"line":306,"column":9}},"87":{"start":{"line":309,"column":21},"end":{"line":309,"column":69}},"88":{"start":{"line":310,"column":4},"end":{"line":315,"column":5}},"89":{"start":{"line":311,"column":6},"end":{"line":314,"column":9}},"90":{"start":{"line":317,"column":4},"end":{"line":324,"column":7}},"91":{"start":{"line":326,"column":4},"end":{"line":329,"column":7}},"92":{"start":{"line":331,"column":4},"end":{"line":331,"column":51}},"93":{"start":{"line":332,"column":4},"end":{"line":336,"column":7}},"94":{"start":{"line":344,"column":20},"end":{"line":376,"column":1}},"95":{"start":{"line":345,"column":2},"end":{"line":375,"column":3}},"96":{"start":{"line":346,"column":19},"end":{"line":346,"column":30}},"97":{"start":{"line":348,"column":18},"end":{"line":348,"column":60}},"98":{"start":{"line":349,"column":4},"end":{"line":354,"column":5}},"99":{"start":{"line":350,"column":6},"end":{"line":353,"column":9}},"100":{"start":{"line":356,"column":21},"end":{"line":356,"column":69}},"101":{"start":{"line":357,"column":4},"end":{"line":362,"column":5}},"102":{"start":{"line":358,"column":6},"end":{"line":361,"column":9}},"103":{"start":{"line":364,"column":4},"end":{"line":367,"column":7}},"104":{"start":{"line":369,"column":4},"end":{"line":369,"column":48}},"105":{"start":{"line":370,"column":4},"end":{"line":374,"column":7}},"106":{"start":{"line":387,"column":22},"end":{"line":444,"column":1}},"107":{"start":{"line":388,"column":2},"end":{"line":443,"column":3}},"108":{"start":{"line":389,"column":19},"end":{"line":389,"column":30}},"109":{"start":{"line":390,"column":30},"end":{"line":390,"column":38}},"110":{"start":{"line":393,"column":4},"end":{"line":398,"column":5}},"111":{"start":{"line":394,"column":6},"end":{"line":397,"column":9}},"112":{"start":{"line":401,"column":18},"end":{"line":401,"column":60}},"113":{"start":{"line":402,"column":4},"end":{"line":407,"column":5}},"114":{"start":{"line":403,"column":6},"end":{"line":406,"column":9}},"115":{"start":{"line":409,"column":21},"end":{"line":409,"column":52}},"116":{"start":{"line":412,"column":24},"end":{"line":412,"column":78}},"117":{"start":{"line":413,"column":4},"end":{"line":420,"column":5}},"118":{"start":{"line":414,"column":6},"end":{"line":414,"column":73}},"119":{"start":{"line":415,"column":6},"end":{"line":419,"column":9}},"120":{"start":{"line":422,"column":19},"end":{"line":426,"column":6}},"121":{"start":{"line":428,"column":4},"end":{"line":435,"column":7}},"122":{"start":{"line":437,"column":4},"end":{"line":437,"column":50}},"123":{"start":{"line":438,"column":4},"end":{"line":442,"column":7}},"124":{"start":{"line":450,"column":19},"end":{"line":476,"column":1}},"125":{"start":{"line":451,"column":2},"end":{"line":475,"column":3}},"126":{"start":{"line":452,"column":19},"end":{"line":452,"column":30}},"127":{"start":{"line":454,"column":18},"end":{"line":454,"column":60}},"128":{"start":{"line":455,"column":4},"end":{"line":460,"column":5}},"129":{"start":{"line":456,"column":6},"end":{"line":459,"column":9}},"130":{"start":{"line":462,"column":20},"end":{"line":462,"column":66}},"131":{"start":{"line":464,"column":4},"end":{"line":467,"column":7}},"132":{"start":{"line":469,"column":4},"end":{"line":469,"column":47}},"133":{"start":{"line":470,"column":4},"end":{"line":474,"column":7}},"134":{"start":{"line":483,"column":24},"end":{"line":510,"column":1}},"135":{"start":{"line":484,"column":2},"end":{"line":509,"column":3}},"136":{"start":{"line":485,"column":19},"end":{"line":485,"column":29}},"137":{"start":{"line":486,"column":32},"end":{"line":486,"column":40}},"138":{"start":{"line":488,"column":16},"end":{"line":488,"column":46}},"139":{"start":{"line":489,"column":4},"end":{"line":494,"column":5}},"140":{"start":{"line":490,"column":6},"end":{"line":493,"column":9}},"141":{"start":{"line":496,"column":4},"end":{"line":496,"column":58}},"142":{"start":{"line":498,"column":4},"end":{"line":501,"column":7}},"143":{"start":{"line":503,"column":4},"end":{"line":503,"column":52}},"144":{"start":{"line":504,"column":4},"end":{"line":508,"column":7}},"145":{"start":{"line":512,"column":0},"end":{"line":525,"column":2}}},"fnMap":{"0":{"name":"(anonymous_0)","decl":{"start":{"line":14,"column":22},"end":{"line":14,"column":23}},"loc":{"start":{"line":14,"column":42},"end":{"line":60,"column":1}},"line":14},"1":{"name":"(anonymous_1)","decl":{"start":{"line":67,"column":22},"end":{"line":67,"column":23}},"loc":{"start":{"line":67,"column":42},"end":{"line":110,"column":1}},"line":67},"2":{"name":"(anonymous_2)","decl":{"start":{"line":116,"column":19},"end":{"line":116,"column":20}},"loc":{"start":{"line":116,"column":39},"end":{"line":140,"column":1}},"line":116},"3":{"name":"(anonymous_3)","decl":{"start":{"line":147,"column":20},"end":{"line":147,"column":21}},"loc":{"start":{"line":147,"column":40},"end":{"line":167,"column":1}},"line":147},"4":{"name":"(anonymous_4)","decl":{"start":{"line":174,"column":21},"end":{"line":174,"column":22}},"loc":{"start":{"line":174,"column":41},"end":{"line":201,"column":1}},"line":174},"5":{"name":"(anonymous_5)","decl":{"start":{"line":208,"column":24},"end":{"line":208,"column":25}},"loc":{"start":{"line":208,"column":44},"end":{"line":232,"column":1}},"line":208},"6":{"name":"(anonymous_6)","decl":{"start":{"line":243,"column":23},"end":{"line":243,"column":24}},"loc":{"start":{"line":243,"column":43},"end":{"line":289,"column":1}},"line":243},"7":{"name":"(anonymous_7)","decl":{"start":{"line":296,"column":23},"end":{"line":296,"column":24}},"loc":{"start":{"line":296,"column":43},"end":{"line":338,"column":1}},"line":296},"8":{"name":"(anonymous_8)","decl":{"start":{"line":344,"column":20},"end":{"line":344,"column":21}},"loc":{"start":{"line":344,"column":40},"end":{"line":376,"column":1}},"line":344},"9":{"name":"(anonymous_9)","decl":{"start":{"line":387,"column":22},"end":{"line":387,"column":23}},"loc":{"start":{"line":387,"column":42},"end":{"line":444,"column":1}},"line":387},"10":{"name":"(anonymous_10)","decl":{"start":{"line":450,"column":19},"end":{"line":450,"column":20}},"loc":{"start":{"line":450,"column":39},"end":{"line":476,"column":1}},"line":450},"11":{"name":"(anonymous_11)","decl":{"start":{"line":483,"column":24},"end":{"line":483,"column":25}},"loc":{"start":{"line":483,"column":44},"end":{"line":510,"column":1}},"line":483}},"branchMap":{"0":{"loc":{"start":{"line":21,"column":4},"end":{"line":26,"column":5}},"type":"if","locations":[{"start":{"line":21,"column":4},"end":{"line":26,"column":5}},{"start":{},"end":{}}],"line":21},"1":{"loc":{"start":{"line":47,"column":4},"end":{"line":52,"column":5}},"type":"if","locations":[{"start":{"line":47,"column":4},"end":{"line":52,"column":5}},{"start":{},"end":{}}],"line":47},"2":{"loc":{"start":{"line":74,"column":4},"end":{"line":79,"column":5}},"type":"if","locations":[{"start":{"line":74,"column":4},"end":{"line":79,"column":5}},{"start":{},"end":{}}],"line":74},"3":{"loc":{"start":{"line":97,"column":4},"end":{"line":102,"column":5}},"type":"if","locations":[{"start":{"line":97,"column":4},"end":{"line":102,"column":5}},{"start":{},"end":{}}],"line":97},"4":{"loc":{"start":{"line":121,"column":4},"end":{"line":126,"column":5}},"type":"if","locations":[{"start":{"line":121,"column":4},"end":{"line":126,"column":5}},{"start":{},"end":{}}],"line":121},"5":{"loc":{"start":{"line":149,"column":29},"end":{"line":149,"column":58}},"type":"binary-expr","locations":[{"start":{"line":149,"column":29},"end":{"line":149,"column":53}},{"start":{"line":149,"column":57},"end":{"line":149,"column":58}}],"line":149},"6":{"loc":{"start":{"line":150,"column":44},"end":{"line":150,"column":75}},"type":"binary-expr","locations":[{"start":{"line":150,"column":44},"end":{"line":150,"column":69}},{"start":{"line":150,"column":73},"end":{"line":150,"column":75}}],"line":150},"7":{"loc":{"start":{"line":180,"column":4},"end":{"line":185,"column":5}},"type":"if","locations":[{"start":{"line":180,"column":4},"end":{"line":185,"column":5}},{"start":{},"end":{}}],"line":180},"8":{"loc":{"start":{"line":213,"column":4},"end":{"line":218,"column":5}},"type":"if","locations":[{"start":{"line":213,"column":4},"end":{"line":218,"column":5}},{"start":{},"end":{}}],"line":213},"9":{"loc":{"start":{"line":250,"column":4},"end":{"line":255,"column":5}},"type":"if","locations":[{"start":{"line":250,"column":4},"end":{"line":255,"column":5}},{"start":{},"end":{}}],"line":250},"10":{"loc":{"start":{"line":259,"column":4},"end":{"line":264,"column":5}},"type":"if","locations":[{"start":{"line":259,"column":4},"end":{"line":264,"column":5}},{"start":{},"end":{}}],"line":259},"11":{"loc":{"start":{"line":302,"column":4},"end":{"line":307,"column":5}},"type":"if","locations":[{"start":{"line":302,"column":4},"end":{"line":307,"column":5}},{"start":{},"end":{}}],"line":302},"12":{"loc":{"start":{"line":310,"column":4},"end":{"line":315,"column":5}},"type":"if","locations":[{"start":{"line":310,"column":4},"end":{"line":315,"column":5}},{"start":{},"end":{}}],"line":310},"13":{"loc":{"start":{"line":349,"column":4},"end":{"line":354,"column":5}},"type":"if","locations":[{"start":{"line":349,"column":4},"end":{"line":354,"column":5}},{"start":{},"end":{}}],"line":349},"14":{"loc":{"start":{"line":357,"column":4},"end":{"line":362,"column":5}},"type":"if","locations":[{"start":{"line":357,"column":4},"end":{"line":362,"column":5}},{"start":{},"end":{}}],"line":357},"15":{"loc":{"start":{"line":393,"column":4},"end":{"line":398,"column":5}},"type":"if","locations":[{"start":{"line":393,"column":4},"end":{"line":398,"column":5}},{"start":{},"end":{}}],"line":393},"16":{"loc":{"start":{"line":402,"column":4},"end":{"line":407,"column":5}},"type":"if","locations":[{"start":{"line":402,"column":4},"end":{"line":407,"column":5}},{"start":{},"end":{}}],"line":402},"17":{"loc":{"start":{"line":413,"column":4},"end":{"line":420,"column":5}},"type":"if","locations":[{"start":{"line":413,"column":4},"end":{"line":420,"column":5}},{"start":{},"end":{}}],"line":413},"18":{"loc":{"start":{"line":455,"column":4},"end":{"line":460,"column":5}},"type":"if","locations":[{"start":{"line":455,"column":4},"end":{"line":460,"column":5}},{"start":{},"end":{}}],"line":455},"19":{"loc":{"start":{"line":489,"column":4},"end":{"line":494,"column":5}},"type":"if","locations":[{"start":{"line":489,"column":4},"end":{"line":494,"column":5}},{"start":{},"end":{}}],"line":489}},"s":{"0":4,"1":4,"2":4,"3":4,"4":2,"5":2,"6":2,"7":2,"8":2,"9":1,"10":1,"11":1,"12":0,"13":0,"14":0,"15":0,"16":4,"17":0,"18":0,"19":0,"20":0,"21":0,"22":0,"23":0,"24":0,"25":0,"26":0,"27":0,"28":0,"29":4,"30":2,"31":2,"32":2,"33":2,"34":1,"35":1,"36":0,"37":0,"38":4,"39":1,"40":1,"41":1,"42":1,"43":1,"44":0,"45":0,"46":4,"47":1,"48":1,"49":1,"50":1,"51":1,"52":0,"53":1,"54":1,"55":0,"56":0,"57":4,"58":2,"59":2,"60":2,"61":2,"62":1,"63":1,"64":0,"65":0,"66":4,"67":2,"68":2,"69":2,"70":2,"71":2,"72":1,"73":1,"74":1,"75":0,"76":1,"77":1,"78":0,"79":0,"80":4,"81":0,"82":0,"83":0,"84":0,"85":0,"86":0,"87":0,"88":0,"89":0,"90":0,"91":0,"92":0,"93":0,"94":4,"95":0,"96":0,"97":0,"98":0,"99":0,"100":0,"101":0,"102":0,"103":0,"104":0,"105":0,"106":4,"107":0,"108":0,"109":0,"110":0,"111":0,"112":0,"113":0,"114":0,"115":0,"116":0,"117":0,"118":0,"119":0,"120":0,"121":0,"122":0,"123":0,"124":4,"125":0,"126":0,"127":0,"128":0,"129":0,"130":0,"131":0,"132":0,"133":0,"134":4,"135":1,"136":1,"137":1,"138":1,"139":1,"140":0,"141":1,"142":1,"143":0,"144":0,"145":4},"f":{"0":2,"1":0,"2":2,"3":1,"4":1,"5":2,"6":2,"7":0,"8":0,"9":0,"10":0,"11":1},"b":{"0":[1,1],"1":[0,0],"2":[0,0],"3":[0,0],"4":[1,1],"5":[1,0],"6":[1,0],"7":[0,1],"8":[1,1],"9":[1,1],"10":[0,1],"11":[0,0],"12":[0,0],"13":[0,0],"14":[0,0],"15":[0,0],"16":[0,0],"17":[0,0],"18":[0,0],"19":[0,1]},"_coverageSchema":"1a1c01bbd47fc00a2c39e90264f33305004495a9","hash":"dc0a7b244b751fd0bb52cf17d332f7219d6cd871"}
,"/home/guna1/Documents/Skripsi/WebsiteV2/ma-annur-be/middlewares/auth.js": {"path":"/home/guna1/Documents/Skripsi/WebsiteV2/ma-annur-be/middlewares/auth.js","statementMap":{"0":{"start":{"line":1,"column":12},"end":{"line":1,"column":35}},"1":{"start":{"line":7,"column":20},"end":{"line":29,"column":1}},"2":{"start":{"line":8,"column":21},"end":{"line":8,"column":46}},"3":{"start":{"line":10,"column":2},"end":{"line":15,"column":3}},"4":{"start":{"line":11,"column":4},"end":{"line":14,"column":7}},"5":{"start":{"line":17,"column":16},"end":{"line":17,"column":40}},"6":{"start":{"line":19,"column":2},"end":{"line":28,"column":3}},"7":{"start":{"line":20,"column":20},"end":{"line":20,"column":61}},"8":{"start":{"line":21,"column":4},"end":{"line":21,"column":23}},"9":{"start":{"line":22,"column":4},"end":{"line":22,"column":11}},"10":{"start":{"line":24,"column":4},"end":{"line":27,"column":7}},"11":{"start":{"line":35,"column":23},"end":{"line":45,"column":1}},"12":{"start":{"line":36,"column":2},"end":{"line":44,"column":4}},"13":{"start":{"line":37,"column":4},"end":{"line":42,"column":5}},"14":{"start":{"line":38,"column":6},"end":{"line":41,"column":9}},"15":{"start":{"line":43,"column":4},"end":{"line":43,"column":11}},"16":{"start":{"line":47,"column":0},"end":{"line":47,"column":49}}},"fnMap":{"0":{"name":"(anonymous_0)","decl":{"start":{"line":7,"column":20},"end":{"line":7,"column":21}},"loc":{"start":{"line":7,"column":40},"end":{"line":29,"column":1}},"line":7},"1":{"name":"(anonymous_1)","decl":{"start":{"line":35,"column":23},"end":{"line":35,"column":24}},"loc":{"start":{"line":35,"column":37},"end":{"line":45,"column":1}},"line":35},"2":{"name":"(anonymous_2)","decl":{"start":{"line":36,"column":9},"end":{"line":36,"column":10}},"loc":{"start":{"line":36,"column":29},"end":{"line":44,"column":3}},"line":36}},"branchMap":{"0":{"loc":{"start":{"line":10,"column":2},"end":{"line":15,"column":3}},"type":"if","locations":[{"start":{"line":10,"column":2},"end":{"line":15,"column":3}},{"start":{},"end":{}}],"line":10},"1":{"loc":{"start":{"line":10,"column":6},"end":{"line":10,"column":54}},"type":"binary-expr","locations":[{"start":{"line":10,"column":6},"end":{"line":10,"column":17}},{"start":{"line":10,"column":21},"end":{"line":10,"column":54}}],"line":10},"2":{"loc":{"start":{"line":37,"column":4},"end":{"line":42,"column":5}},"type":"if","locations":[{"start":{"line":37,"column":4},"end":{"line":42,"column":5}},{"start":{},"end":{}}],"line":37},"3":{"loc":{"start":{"line":37,"column":8},"end":{"line":37,"column":51}},"type":"binary-expr","locations":[{"start":{"line":37,"column":8},"end":{"line":37,"column":17}},{"start":{"line":37,"column":21},"end":{"line":37,"column":51}}],"line":37}},"s":{"0":4,"1":4,"2":25,"3":25,"4":2,"5":23,"6":23,"7":23,"8":22,"9":22,"10":1,"11":4,"12":32,"13":11,"14":2,"15":9,"16":4},"f":{"0":25,"1":32,"2":11},"b":{"0":[2,23],"1":[25,23],"2":[2,9],"3":[11,11]},"_coverageSchema":"1a1c01bbd47fc00a2c39e90264f33305004495a9","hash":"3e8e2cdeda332792313ca09f85b97a35d1e72e47"}
,"/home/guna1/Documents/Skripsi/WebsiteV2/ma-annur-be/middlewares/upload.js": {"path":"/home/guna1/Documents/Skripsi/WebsiteV2/ma-annur-be/middlewares/upload.js","statementMap":{"0":{"start":{"line":1,"column":15},"end":{"line":1,"column":32}},"1":{"start":{"line":2,"column":13},"end":{"line":2,"column":28}},"2":{"start":{"line":5,"column":16},"end":{"line":14,"column":2}},"3":{"start":{"line":7,"column":4},"end":{"line":7,"column":52}},"4":{"start":{"line":10,"column":25},"end":{"line":10,"column":75}},"5":{"start":{"line":11,"column":16},"end":{"line":11,"column":47}},"6":{"start":{"line":12,"column":4},"end":{"line":12,"column":56}},"7":{"start":{"line":17,"column":19},"end":{"line":30,"column":1}},"8":{"start":{"line":18,"column":27},"end":{"line":23,"column":3}},"9":{"start":{"line":25,"column":2},"end":{"line":29,"column":3}},"10":{"start":{"line":26,"column":4},"end":{"line":26,"column":19}},"11":{"start":{"line":28,"column":4},"end":{"line":28,"column":95}},"12":{"start":{"line":32,"column":15},"end":{"line":38,"column":2}},"13":{"start":{"line":40,"column":0},"end":{"line":40,"column":24}}},"fnMap":{"0":{"name":"(anonymous_0)","decl":{"start":{"line":6,"column":15},"end":{"line":6,"column":16}},"loc":{"start":{"line":6,"column":34},"end":{"line":8,"column":3}},"line":6},"1":{"name":"(anonymous_1)","decl":{"start":{"line":9,"column":12},"end":{"line":9,"column":13}},"loc":{"start":{"line":9,"column":31},"end":{"line":13,"column":3}},"line":9},"2":{"name":"(anonymous_2)","decl":{"start":{"line":17,"column":19},"end":{"line":17,"column":20}},"loc":{"start":{"line":17,"column":38},"end":{"line":30,"column":1}},"line":17}},"branchMap":{"0":{"loc":{"start":{"line":25,"column":2},"end":{"line":29,"column":3}},"type":"if","locations":[{"start":{"line":25,"column":2},"end":{"line":29,"column":3}},{"start":{"line":27,"column":9},"end":{"line":29,"column":3}}],"line":25}},"s":{"0":4,"1":4,"2":4,"3":0,"4":0,"5":0,"6":0,"7":4,"8":0,"9":0,"10":0,"11":0,"12":4,"13":4},"f":{"0":0,"1":0,"2":0},"b":{"0":[0,0]},"_coverageSchema":"1a1c01bbd47fc00a2c39e90264f33305004495a9","hash":"22097c03c537b46792148379553812f44e9a7ba1"}
,"/home/guna1/Documents/Skripsi/WebsiteV2/ma-annur-be/middlewares/validate.js": {"path":"/home/guna1/Documents/Skripsi/WebsiteV2/ma-annur-be/middlewares/validate.js","statementMap":{"0":{"start":{"line":1,"column":29},"end":{"line":1,"column":57}},"1":{"start":{"line":8,"column":17},"end":{"line":25,"column":1}},"2":{"start":{"line":9,"column":17},"end":{"line":9,"column":38}},"3":{"start":{"line":11,"column":2},"end":{"line":22,"column":3}},"4":{"start":{"line":12,"column":28},"end":{"line":15,"column":7}},"5":{"start":{"line":12,"column":57},"end":{"line":15,"column":5}},"6":{"start":{"line":17,"column":4},"end":{"line":21,"column":7}},"7":{"start":{"line":24,"column":2},"end":{"line":24,"column":9}},"8":{"start":{"line":27,"column":0},"end":{"line":27,"column":26}}},"fnMap":{"0":{"name":"(anonymous_0)","decl":{"start":{"line":8,"column":17},"end":{"line":8,"column":18}},"loc":{"start":{"line":8,"column":37},"end":{"line":25,"column":1}},"line":8},"1":{"name":"(anonymous_1)","decl":{"start":{"line":12,"column":47},"end":{"line":12,"column":48}},"loc":{"start":{"line":12,"column":57},"end":{"line":15,"column":5}},"line":12}},"branchMap":{"0":{"loc":{"start":{"line":11,"column":2},"end":{"line":22,"column":3}},"type":"if","locations":[{"start":{"line":11,"column":2},"end":{"line":22,"column":3}},{"start":{},"end":{}}],"line":11}},"s":{"0":4,"1":4,"2":26,"3":26,"4":12,"5":17,"6":12,"7":14,"8":4},"f":{"0":26,"1":17},"b":{"0":[12,14]},"_coverageSchema":"1a1c01bbd47fc00a2c39e90264f33305004495a9","hash":"338f1a0dfcc5a5846c4cfc2600c5d8916e9b3acf"}
,"/home/guna1/Documents/Skripsi/WebsiteV2/ma-annur-be/models/beritaModel.js": {"path":"/home/guna1/Documents/Skripsi/WebsiteV2/ma-annur-be/models/beritaModel.js","statementMap":{"0":{"start":{"line":1,"column":13},"end":{"line":1,"column":36}},"1":{"start":{"line":3,"column":20},"end":{"line":105,"column":1}},"2":{"start":{"line":10,"column":19},"end":{"line":10,"column":37}},"3":{"start":{"line":12,"column":19},"end":{"line":20,"column":5}},"4":{"start":{"line":22,"column":26},"end":{"line":24,"column":5}},"5":{"start":{"line":25,"column":18},"end":{"line":25,"column":38}},"6":{"start":{"line":27,"column":4},"end":{"line":35,"column":6}},"7":{"start":{"line":44,"column":19},"end":{"line":44,"column":37}},"8":{"start":{"line":46,"column":19},"end":{"line":53,"column":5}},"9":{"start":{"line":55,"column":26},"end":{"line":55,"column":82}},"10":{"start":{"line":56,"column":18},"end":{"line":56,"column":38}},"11":{"start":{"line":58,"column":4},"end":{"line":66,"column":6}},"12":{"start":{"line":70,"column":19},"end":{"line":76,"column":5}},"13":{"start":{"line":77,"column":4},"end":{"line":77,"column":19}},"14":{"start":{"line":81,"column":19},"end":{"line":81,"column":78}},"15":{"start":{"line":82,"column":4},"end":{"line":82,"column":19}},"16":{"start":{"line":86,"column":21},"end":{"line":89,"column":5}},"17":{"start":{"line":90,"column":4},"end":{"line":90,"column":35}},"18":{"start":{"line":94,"column":21},"end":{"line":97,"column":5}},"19":{"start":{"line":98,"column":4},"end":{"line":98,"column":18}},"20":{"start":{"line":102,"column":21},"end":{"line":102,"column":78}},"21":{"start":{"line":103,"column":4},"end":{"line":103,"column":18}},"22":{"start":{"line":107,"column":0},"end":{"line":107,"column":29}}},"fnMap":{"0":{"name":"(anonymous_0)","decl":{"start":{"line":9,"column":2},"end":{"line":9,"column":3}},"loc":{"start":{"line":9,"column":56},"end":{"line":36,"column":3}},"line":9},"1":{"name":"(anonymous_1)","decl":{"start":{"line":43,"column":2},"end":{"line":43,"column":3}},"loc":{"start":{"line":43,"column":47},"end":{"line":67,"column":3}},"line":43},"2":{"name":"(anonymous_2)","decl":{"start":{"line":69,"column":2},"end":{"line":69,"column":3}},"loc":{"start":{"line":69,"column":25},"end":{"line":78,"column":3}},"line":69},"3":{"name":"(anonymous_3)","decl":{"start":{"line":80,"column":2},"end":{"line":80,"column":3}},"loc":{"start":{"line":80,"column":21},"end":{"line":83,"column":3}},"line":80},"4":{"name":"(anonymous_4)","decl":{"start":{"line":85,"column":2},"end":{"line":85,"column":3}},"loc":{"start":{"line":85,"column":83},"end":{"line":91,"column":3}},"line":85},"5":{"name":"(anonymous_5)","decl":{"start":{"line":93,"column":2},"end":{"line":93,"column":3}},"loc":{"start":{"line":93,"column":66},"end":{"line":99,"column":3}},"line":93},"6":{"name":"(anonymous_6)","decl":{"start":{"line":101,"column":2},"end":{"line":101,"column":3}},"loc":{"start":{"line":101,"column":19},"end":{"line":104,"column":3}},"line":101}},"branchMap":{"0":{"loc":{"start":{"line":9,"column":25},"end":{"line":9,"column":54}},"type":"default-arg","locations":[{"start":{"line":9,"column":52},"end":{"line":9,"column":54}}],"line":9},"1":{"loc":{"start":{"line":9,"column":27},"end":{"line":9,"column":35}},"type":"default-arg","locations":[{"start":{"line":9,"column":34},"end":{"line":9,"column":35}}],"line":9},"2":{"loc":{"start":{"line":9,"column":37},"end":{"line":9,"column":47}},"type":"default-arg","locations":[{"start":{"line":9,"column":45},"end":{"line":9,"column":47}}],"line":9},"3":{"loc":{"start":{"line":43,"column":16},"end":{"line":43,"column":45}},"type":"default-arg","locations":[{"start":{"line":43,"column":43},"end":{"line":43,"column":45}}],"line":43},"4":{"loc":{"start":{"line":43,"column":18},"end":{"line":43,"column":26}},"type":"default-arg","locations":[{"start":{"line":43,"column":25},"end":{"line":43,"column":26}}],"line":43},"5":{"loc":{"start":{"line":43,"column":28},"end":{"line":43,"column":38}},"type":"default-arg","locations":[{"start":{"line":43,"column":36},"end":{"line":43,"column":38}}],"line":43},"6":{"loc":{"start":{"line":85,"column":63},"end":{"line":85,"column":79}},"type":"default-arg","locations":[{"start":{"line":85,"column":72},"end":{"line":85,"column":79}}],"line":85}},"s":{"0":4,"1":4,"2":1,"3":1,"4":1,"5":1,"6":1,"7":0,"8":0,"9":0,"10":0,"11":0,"12":3,"13":3,"14":1,"15":1,"16":1,"17":1,"18":0,"19":0,"20":1,"21":1,"22":4},"f":{"0":1,"1":0,"2":3,"3":1,"4":1,"5":0,"6":1},"b":{"0":[0],"1":[0],"2":[0],"3":[0],"4":[0],"5":[0],"6":[0]},"_coverageSchema":"1a1c01bbd47fc00a2c39e90264f33305004495a9","hash":"71255ac8508da1beed16c48db714d35c84baea7c"}
,"/home/guna1/Documents/Skripsi/WebsiteV2/ma-annur-be/models/berkasModel.js": {"path":"/home/guna1/Documents/Skripsi/WebsiteV2/ma-annur-be/models/berkasModel.js","statementMap":{"0":{"start":{"line":1,"column":13},"end":{"line":1,"column":36}},"1":{"start":{"line":3,"column":20},"end":{"line":48,"column":1}},"2":{"start":{"line":5,"column":19},"end":{"line":8,"column":5}},"3":{"start":{"line":9,"column":4},"end":{"line":9,"column":16}},"4":{"start":{"line":13,"column":19},"end":{"line":13,"column":86}},"5":{"start":{"line":14,"column":4},"end":{"line":14,"column":19}},"6":{"start":{"line":18,"column":21},"end":{"line":21,"column":5}},"7":{"start":{"line":22,"column":4},"end":{"line":22,"column":35}},"8":{"start":{"line":26,"column":21},"end":{"line":29,"column":5}},"9":{"start":{"line":30,"column":4},"end":{"line":30,"column":18}},"10":{"start":{"line":34,"column":19},"end":{"line":37,"column":5}},"11":{"start":{"line":38,"column":4},"end":{"line":38,"column":19}},"12":{"start":{"line":42,"column":21},"end":{"line":45,"column":5}},"13":{"start":{"line":46,"column":4},"end":{"line":46,"column":18}},"14":{"start":{"line":50,"column":0},"end":{"line":50,"column":29}}},"fnMap":{"0":{"name":"(anonymous_0)","decl":{"start":{"line":4,"column":2},"end":{"line":4,"column":3}},"loc":{"start":{"line":4,"column":41},"end":{"line":10,"column":3}},"line":4},"1":{"name":"(anonymous_1)","decl":{"start":{"line":12,"column":2},"end":{"line":12,"column":3}},"loc":{"start":{"line":12,"column":21},"end":{"line":15,"column":3}},"line":12},"2":{"name":"(anonymous_2)","decl":{"start":{"line":17,"column":2},"end":{"line":17,"column":3}},"loc":{"start":{"line":17,"column":61},"end":{"line":23,"column":3}},"line":17},"3":{"name":"(anonymous_3)","decl":{"start":{"line":25,"column":2},"end":{"line":25,"column":3}},"loc":{"start":{"line":25,"column":62},"end":{"line":31,"column":3}},"line":25},"4":{"name":"(anonymous_4)","decl":{"start":{"line":33,"column":2},"end":{"line":33,"column":3}},"loc":{"start":{"line":33,"column":49},"end":{"line":39,"column":3}},"line":33},"5":{"name":"(anonymous_5)","decl":{"start":{"line":41,"column":2},"end":{"line":41,"column":3}},"loc":{"start":{"line":41,"column":44},"end":{"line":47,"column":3}},"line":41}},"branchMap":{},"s":{"0":4,"1":4,"2":0,"3":0,"4":1,"5":1,"6":0,"7":0,"8":0,"9":0,"10":0,"11":0,"12":1,"13":1,"14":4},"f":{"0":0,"1":1,"2":0,"3":0,"4":0,"5":1},"b":{},"_coverageSchema":"1a1c01bbd47fc00a2c39e90264f33305004495a9","hash":"553277feaf64d15499a2d79946aa11caf9e5fc4b"}
,"/home/guna1/Documents/Skripsi/WebsiteV2/ma-annur-be/models/calonSiswaModel.js": {"path":"/home/guna1/Documents/Skripsi/WebsiteV2/ma-annur-be/models/calonSiswaModel.js","statementMap":{"0":{"start":{"line":1,"column":13},"end":{"line":1,"column":36}},"1":{"start":{"line":3,"column":24},"end":{"line":86,"column":1}},"2":{"start":{"line":5,"column":19},"end":{"line":5,"column":92}},"3":{"start":{"line":6,"column":4},"end":{"line":6,"column":19}},"4":{"start":{"line":10,"column":19},"end":{"line":10,"column":83}},"5":{"start":{"line":11,"column":4},"end":{"line":11,"column":19}},"6":{"start":{"line":19,"column":19},"end":{"line":24,"column":5}},"7":{"start":{"line":25,"column":4},"end":{"line":25,"column":19}},"8":{"start":{"line":34,"column":19},"end":{"line":34,"column":37}},"9":{"start":{"line":36,"column":19},"end":{"line":43,"column":5}},"10":{"start":{"line":45,"column":26},"end":{"line":45,"column":87}},"11":{"start":{"line":46,"column":18},"end":{"line":46,"column":38}},"12":{"start":{"line":48,"column":4},"end":{"line":56,"column":6}},"13":{"start":{"line":60,"column":21},"end":{"line":65,"column":5}},"14":{"start":{"line":66,"column":4},"end":{"line":66,"column":35}},"15":{"start":{"line":70,"column":21},"end":{"line":75,"column":5}},"16":{"start":{"line":76,"column":4},"end":{"line":76,"column":18}},"17":{"start":{"line":80,"column":21},"end":{"line":83,"column":5}},"18":{"start":{"line":84,"column":4},"end":{"line":84,"column":18}},"19":{"start":{"line":88,"column":0},"end":{"line":88,"column":33}}},"fnMap":{"0":{"name":"(anonymous_0)","decl":{"start":{"line":4,"column":2},"end":{"line":4,"column":3}},"loc":{"start":{"line":4,"column":29},"end":{"line":7,"column":3}},"line":4},"1":{"name":"(anonymous_1)","decl":{"start":{"line":9,"column":2},"end":{"line":9,"column":3}},"loc":{"start":{"line":9,"column":21},"end":{"line":12,"column":3}},"line":9},"2":{"name":"(anonymous_2)","decl":{"start":{"line":18,"column":2},"end":{"line":18,"column":3}},"loc":{"start":{"line":18,"column":25},"end":{"line":26,"column":3}},"line":18},"3":{"name":"(anonymous_3)","decl":{"start":{"line":33,"column":2},"end":{"line":33,"column":3}},"loc":{"start":{"line":33,"column":47},"end":{"line":57,"column":3}},"line":33},"4":{"name":"(anonymous_4)","decl":{"start":{"line":59,"column":2},"end":{"line":59,"column":3}},"loc":{"start":{"line":59,"column":106},"end":{"line":67,"column":3}},"line":59},"5":{"name":"(anonymous_5)","decl":{"start":{"line":69,"column":2},"end":{"line":69,"column":3}},"loc":{"start":{"line":69,"column":105},"end":{"line":77,"column":3}},"line":69},"6":{"name":"(anonymous_6)","decl":{"start":{"line":79,"column":2},"end":{"line":79,"column":3}},"loc":{"start":{"line":79,"column":45},"end":{"line":85,"column":3}},"line":79}},"branchMap":{"0":{"loc":{"start":{"line":33,"column":16},"end":{"line":33,"column":45}},"type":"default-arg","locations":[{"start":{"line":33,"column":43},"end":{"line":33,"column":45}}],"line":33},"1":{"loc":{"start":{"line":33,"column":18},"end":{"line":33,"column":26}},"type":"default-arg","locations":[{"start":{"line":33,"column":25},"end":{"line":33,"column":26}}],"line":33},"2":{"loc":{"start":{"line":33,"column":28},"end":{"line":33,"column":38}},"type":"default-arg","locations":[{"start":{"line":33,"column":36},"end":{"line":33,"column":38}}],"line":33}},"s":{"0":4,"1":4,"2":6,"3":6,"4":1,"5":1,"6":2,"7":2,"8":1,"9":1,"10":1,"11":1,"12":1,"13":1,"14":1,"15":0,"16":0,"17":1,"18":1,"19":4},"f":{"0":6,"1":1,"2":2,"3":1,"4":1,"5":0,"6":1},"b":{"0":[0],"1":[0],"2":[0]},"_coverageSchema":"1a1c01bbd47fc00a2c39e90264f33305004495a9","hash":"5824f2845068aac611f5004efd1c0b55dfa544a2"}
,"/home/guna1/Documents/Skripsi/WebsiteV2/ma-annur-be/models/orangTuaModel.js": {"path":"/home/guna1/Documents/Skripsi/WebsiteV2/ma-annur-be/models/orangTuaModel.js","statementMap":{"0":{"start":{"line":1,"column":13},"end":{"line":1,"column":36}},"1":{"start":{"line":3,"column":22},"end":{"line":31,"column":1}},"2":{"start":{"line":5,"column":19},"end":{"line":8,"column":5}},"3":{"start":{"line":9,"column":4},"end":{"line":9,"column":19}},"4":{"start":{"line":13,"column":21},"end":{"line":18,"column":5}},"5":{"start":{"line":19,"column":4},"end":{"line":19,"column":35}},"6":{"start":{"line":23,"column":21},"end":{"line":28,"column":5}},"7":{"start":{"line":29,"column":4},"end":{"line":29,"column":18}},"8":{"start":{"line":33,"column":0},"end":{"line":33,"column":31}}},"fnMap":{"0":{"name":"(anonymous_0)","decl":{"start":{"line":4,"column":2},"end":{"line":4,"column":3}},"loc":{"start":{"line":4,"column":41},"end":{"line":10,"column":3}},"line":4},"1":{"name":"(anonymous_1)","decl":{"start":{"line":12,"column":2},"end":{"line":12,"column":3}},"loc":{"start":{"line":12,"column":120},"end":{"line":20,"column":3}},"line":12},"2":{"name":"(anonymous_2)","decl":{"start":{"line":22,"column":2},"end":{"line":22,"column":3}},"loc":{"start":{"line":22,"column":118},"end":{"line":30,"column":3}},"line":22}},"branchMap":{},"s":{"0":4,"1":4,"2":1,"3":1,"4":1,"5":1,"6":0,"7":0,"8":4},"f":{"0":1,"1":1,"2":0},"b":{},"_coverageSchema":"1a1c01bbd47fc00a2c39e90264f33305004495a9","hash":"cc9903a67b11c8ad5a860cb602c1d7d98c4b80ad"}
,"/home/guna1/Documents/Skripsi/WebsiteV2/ma-annur-be/models/userModel.js": {"path":"/home/guna1/Documents/Skripsi/WebsiteV2/ma-annur-be/models/userModel.js","statementMap":{"0":{"start":{"line":1,"column":13},"end":{"line":1,"column":36}},"1":{"start":{"line":3,"column":18},"end":{"line":21,"column":1}},"2":{"start":{"line":5,"column":19},"end":{"line":5,"column":83}},"3":{"start":{"line":6,"column":4},"end":{"line":6,"column":19}},"4":{"start":{"line":10,"column":19},"end":{"line":10,"column":103}},"5":{"start":{"line":11,"column":4},"end":{"line":11,"column":19}},"6":{"start":{"line":15,"column":21},"end":{"line":18,"column":5}},"7":{"start":{"line":19,"column":4},"end":{"line":19,"column":48}},"8":{"start":{"line":23,"column":0},"end":{"line":23,"column":27}}},"fnMap":{"0":{"name":"(anonymous_0)","decl":{"start":{"line":4,"column":2},"end":{"line":4,"column":3}},"loc":{"start":{"line":4,"column":27},"end":{"line":7,"column":3}},"line":4},"1":{"name":"(anonymous_1)","decl":{"start":{"line":9,"column":2},"end":{"line":9,"column":3}},"loc":{"start":{"line":9,"column":21},"end":{"line":12,"column":3}},"line":9},"2":{"name":"(anonymous_2)","decl":{"start":{"line":14,"column":2},"end":{"line":14,"column":3}},"loc":{"start":{"line":14,"column":58},"end":{"line":20,"column":3}},"line":14}},"branchMap":{"0":{"loc":{"start":{"line":14,"column":34},"end":{"line":14,"column":54}},"type":"default-arg","locations":[{"start":{"line":14,"column":41},"end":{"line":14,"column":54}}],"line":14}},"s":{"0":4,"1":4,"2":5,"3":5,"4":1,"5":1,"6":1,"7":1,"8":4},"f":{"0":5,"1":1,"2":1},"b":{"0":[0]},"_coverageSchema":"1a1c01bbd47fc00a2c39e90264f33305004495a9","hash":"9384d07a737853721c5af2df778fe240d229ec8d"}
,"/home/guna1/Documents/Skripsi/WebsiteV2/ma-annur-be/routes/authRoutes.js": {"path":"/home/guna1/Documents/Skripsi/WebsiteV2/ma-annur-be/routes/authRoutes.js","statementMap":{"0":{"start":{"line":1,"column":16},"end":{"line":1,"column":34}},"1":{"start":{"line":2,"column":15},"end":{"line":2,"column":31}},"2":{"start":{"line":3,"column":35},"end":{"line":3,"column":75}},"3":{"start":{"line":4,"column":24},"end":{"line":4,"column":54}},"4":{"start":{"line":5,"column":17},"end":{"line":5,"column":51}},"5":{"start":{"line":6,"column":38},"end":{"line":6,"column":76}},"6":{"start":{"line":59,"column":0},"end":{"line":59,"column":60}},"7":{"start":{"line":85,"column":0},"end":{"line":85,"column":51}},"8":{"start":{"line":123,"column":0},"end":{"line":123,"column":38}},"9":{"start":{"line":125,"column":0},"end":{"line":125,"column":24}}},"fnMap":{},"branchMap":{},"s":{"0":4,"1":4,"2":4,"3":4,"4":4,"5":4,"6":4,"7":4,"8":4,"9":4},"f":{},"b":{},"_coverageSchema":"1a1c01bbd47fc00a2c39e90264f33305004495a9","hash":"0e69cba637aa50413607f5b95c4ad216f9ee5888"}
,"/home/guna1/Documents/Skripsi/WebsiteV2/ma-annur-be/routes/beritaRoutes.js": {"path":"/home/guna1/Documents/Skripsi/WebsiteV2/ma-annur-be/routes/beritaRoutes.js","statementMap":{"0":{"start":{"line":1,"column":16},"end":{"line":1,"column":34}},"1":{"start":{"line":2,"column":15},"end":{"line":2,"column":31}},"2":{"start":{"line":3,"column":40},"end":{"line":3,"column":70}},"3":{"start":{"line":4,"column":17},"end":{"line":4,"column":51}},"4":{"start":{"line":5,"column":15},"end":{"line":5,"column":47}},"5":{"start":{"line":6,"column":49},"end":{"line":6,"column":89}},"6":{"start":{"line":14,"column":4},"end":{"line":14,"column":46}},"7":{"start":{"line":60,"column":0},"end":{"line":60,"column":36}},"8":{"start":{"line":91,"column":0},"end":{"line":91,"column":38}},"9":{"start":{"line":134,"column":0},"end":{"line":134,"column":77}},"10":{"start":{"line":193,"column":0},"end":{"line":193,"column":129}},"11":{"start":{"line":254,"column":0},"end":{"line":254,"column":131}},"12":{"start":{"line":255,"column":0},"end":{"line":255,"column":74}},"13":{"start":{"line":257,"column":0},"end":{"line":257,"column":24}}},"fnMap":{},"branchMap":{},"s":{"0":4,"1":4,"2":4,"3":4,"4":4,"5":4,"6":4,"7":4,"8":4,"9":4,"10":4,"11":4,"12":4,"13":4},"f":{},"b":{},"_coverageSchema":"1a1c01bbd47fc00a2c39e90264f33305004495a9","hash":"ec46d48c0fdc1f45abd8ef66ceed6fdb99cdef0a"}
,"/home/guna1/Documents/Skripsi/WebsiteV2/ma-annur-be/routes/dashboardRoutes.js": {"path":"/home/guna1/Documents/Skripsi/WebsiteV2/ma-annur-be/routes/dashboardRoutes.js","statementMap":{"0":{"start":{"line":1,"column":16},"end":{"line":1,"column":34}},"1":{"start":{"line":2,"column":15},"end":{"line":2,"column":31}},"2":{"start":{"line":3,"column":40},"end":{"line":3,"column":70}},"3":{"start":{"line":4,"column":26},"end":{"line":4,"column":71}},"4":{"start":{"line":45,"column":0},"end":{"line":45,"column":74}},"5":{"start":{"line":47,"column":0},"end":{"line":47,"column":24}}},"fnMap":{},"branchMap":{},"s":{"0":4,"1":4,"2":4,"3":4,"4":4,"5":4},"f":{},"b":{},"_coverageSchema":"1a1c01bbd47fc00a2c39e90264f33305004495a9","hash":"2ba5ca54d820ee30f1f954c59c2c86744121d8b0"}
,"/home/guna1/Documents/Skripsi/WebsiteV2/ma-annur-be/routes/siswaRoutes.js": {"path":"/home/guna1/Documents/Skripsi/WebsiteV2/ma-annur-be/routes/siswaRoutes.js","statementMap":{"0":{"start":{"line":1,"column":16},"end":{"line":1,"column":34}},"1":{"start":{"line":2,"column":15},"end":{"line":2,"column":31}},"2":{"start":{"line":3,"column":40},"end":{"line":3,"column":70}},"3":{"start":{"line":4,"column":17},"end":{"line":4,"column":51}},"4":{"start":{"line":5,"column":15},"end":{"line":5,"column":47}},"5":{"start":{"line":13,"column":4},"end":{"line":13,"column":43}},"6":{"start":{"line":27,"column":4},"end":{"line":27,"column":45}},"7":{"start":{"line":82,"column":0},"end":{"line":82,"column":75}},"8":{"start":{"line":85,"column":0},"end":{"line":85,"column":24}},"9":{"start":{"line":150,"column":0},"end":{"line":150,"column":35}},"10":{"start":{"line":151,"column":0},"end":{"line":151,"column":63}},"11":{"start":{"line":152,"column":0},"end":{"line":152,"column":62}},"12":{"start":{"line":206,"column":0},"end":{"line":206,"column":38}},"13":{"start":{"line":207,"column":0},"end":{"line":207,"column":67}},"14":{"start":{"line":208,"column":0},"end":{"line":208,"column":66}},"15":{"start":{"line":244,"column":0},"end":{"line":244,"column":35}},"16":{"start":{"line":282,"column":0},"end":{"line":282,"column":102}},"17":{"start":{"line":325,"column":0},"end":{"line":325,"column":57}},"18":{"start":{"line":362,"column":0},"end":{"line":362,"column":94}},"19":{"start":{"line":399,"column":0},"end":{"line":399,"column":110}},"20":{"start":{"line":401,"column":0},"end":{"line":401,"column":24}}},"fnMap":{},"branchMap":{},"s":{"0":4,"1":4,"2":4,"3":4,"4":4,"5":4,"6":4,"7":4,"8":4,"9":4,"10":4,"11":4,"12":4,"13":4,"14":4,"15":4,"16":4,"17":4,"18":4,"19":4,"20":4},"f":{},"b":{},"_coverageSchema":"1a1c01bbd47fc00a2c39e90264f33305004495a9","hash":"edc65f850966a2e72ab508ebdafe0fb6b8faebef"}
,"/home/guna1/Documents/Skripsi/WebsiteV2/ma-annur-be/validators/authValidator.js": {"path":"/home/guna1/Documents/Skripsi/WebsiteV2/ma-annur-be/validators/authValidator.js","statementMap":{"0":{"start":{"line":1,"column":17},"end":{"line":1,"column":45}},"1":{"start":{"line":6,"column":22},"end":{"line":21,"column":1}},"2":{"start":{"line":26,"column":19},"end":{"line":35,"column":1}},"3":{"start":{"line":37,"column":0},"end":{"line":37,"column":47}}},"fnMap":{},"branchMap":{},"s":{"0":4,"1":4,"2":4,"3":4},"f":{},"b":{},"_coverageSchema":"1a1c01bbd47fc00a2c39e90264f33305004495a9","hash":"125e99d09cbd1ef6fad1c142ec4b0b3d566976b1"}
,"/home/guna1/Documents/Skripsi/WebsiteV2/ma-annur-be/validators/beritaValidator.js": {"path":"/home/guna1/Documents/Skripsi/WebsiteV2/ma-annur-be/validators/beritaValidator.js","statementMap":{"0":{"start":{"line":1,"column":24},"end":{"line":1,"column":52}},"1":{"start":{"line":6,"column":26},"end":{"line":21,"column":1}},"2":{"start":{"line":26,"column":26},"end":{"line":44,"column":1}},"3":{"start":{"line":46,"column":0},"end":{"line":46,"column":58}}},"fnMap":{},"branchMap":{},"s":{"0":4,"1":4,"2":4,"3":4},"f":{},"b":{},"_coverageSchema":"1a1c01bbd47fc00a2c39e90264f33305004495a9","hash":"764f8e5fa8d85da7c9cf7895168e5a863cf1103c"}
,"/home/guna1/Documents/Skripsi/WebsiteV2/ma-annur-be/validators/siswaValidator.js": {"path":"/home/guna1/Documents/Skripsi/WebsiteV2/ma-annur-be/validators/siswaValidator.js","statementMap":{"0":{"start":{"line":1,"column":24},"end":{"line":1,"column":52}},"1":{"start":{"line":6,"column":21},"end":{"line":43,"column":1}},"2":{"start":{"line":28,"column":6},"end":{"line":30,"column":7}},"3":{"start":{"line":29,"column":8},"end":{"line":29,"column":68}},"4":{"start":{"line":31,"column":6},"end":{"line":31,"column":18}},"5":{"start":{"line":48,"column":22},"end":{"line":80,"column":1}},"6":{"start":{"line":85,"column":27},"end":{"line":90,"column":1}},"7":{"start":{"line":95,"column":26},"end":{"line":103,"column":1}},"8":{"start":{"line":108,"column":29},"end":{"line":116,"column":1}},"9":{"start":{"line":121,"column":23},"end":{"line":124,"column":1}},"10":{"start":{"line":126,"column":0},"end":{"line":133,"column":2}}},"fnMap":{"0":{"name":"(anonymous_0)","decl":{"start":{"line":27,"column":12},"end":{"line":27,"column":13}},"loc":{"start":{"line":27,"column":23},"end":{"line":32,"column":5}},"line":27}},"branchMap":{"0":{"loc":{"start":{"line":28,"column":6},"end":{"line":30,"column":7}},"type":"if","locations":[{"start":{"line":28,"column":6},"end":{"line":30,"column":7}},{"start":{},"end":{}}],"line":28}},"s":{"0":4,"1":4,"2":5,"3":1,"4":4,"5":4,"6":4,"7":4,"8":4,"9":4,"10":4},"f":{"0":5},"b":{"0":[1,4]},"_coverageSchema":"1a1c01bbd47fc00a2c39e90264f33305004495a9","hash":"4369cb9ed0aa464d831aa645aeb2d0777dbff967"}
}
