TN:
SF:app.js
FN:49,(anonymous_0)
FN:52,(anonymous_1)
FN:142,(anonymous_2)
FN:159,(anonymous_3)
FN:168,(anonymous_4)
FN:172,(anonymous_5)
FNF:6
FNH:2
FNDA:8,(anonymous_0)
FNDA:40,(anonymous_1)
FNDA:0,(anonymous_2)
FNDA:0,(anonymous_3)
FNDA:0,(anonymous_4)
FNDA:0,(anonymous_5)
DA:15,4
DA:17,4
DA:18,4
DA:19,4
DA:20,4
DA:21,4
DA:22,4
DA:23,4
DA:24,4
DA:26,4
DA:27,4
DA:28,4
DA:29,4
DA:31,4
DA:40,4
DA:47,4
DA:49,8
DA:51,4
DA:53,40
DA:54,0
DA:55,0
DA:57,0
DA:68,4
DA:69,0
DA:80,0
DA:91,0
DA:92,0
DA:118,4
DA:119,0
DA:125,4
DA:126,4
DA:129,4
DA:134,4
DA:142,4
DA:143,0
DA:144,0
DA:150,4
DA:151,4
DA:152,4
DA:153,4
DA:159,4
DA:160,0
DA:168,4
DA:169,0
DA:172,4
DA:173,0
DA:174,0
DA:181,4
LF:48
LH:34
BRDA:47,0,0,4
BRDA:47,0,1,0
BRDA:53,1,0,40
BRDA:53,1,1,0
BRDA:54,2,0,0
BRDA:54,2,1,0
BRDA:68,3,0,0
BRDA:68,3,1,4
BRDA:118,4,0,0
BRDA:118,4,1,4
BRDA:177,5,0,0
BRDA:177,5,1,0
BRF:12
BRH:4
end_of_record
TN:
SF:config/swagger.js
FNF:0
FNH:0
DA:1,4
DA:3,4
DA:210,4
DA:212,4
LF:4
LH:4
BRF:0
BRH:0
end_of_record
TN:
SF:controllers/authController.js
FN:12,(anonymous_0)
FN:59,(anonymous_1)
FN:118,(anonymous_2)
FNF:3
FNH:3
FNDA:2,(anonymous_0)
FNDA:3,(anonymous_1)
FNDA:1,(anonymous_2)
DA:1,4
DA:2,4
DA:3,4
DA:5,4
DA:12,4
DA:13,2
DA:14,2
DA:17,2
DA:18,2
DA:19,1
DA:26,1
DA:29,1
DA:35,1
DA:45,0
DA:46,0
DA:59,4
DA:60,3
DA:61,3
DA:64,3
DA:65,3
DA:66,1
DA:73,2
DA:74,2
DA:75,1
DA:82,1
DA:88,1
DA:92,1
DA:105,0
DA:106,0
DA:118,4
DA:119,1
DA:120,1
DA:121,1
DA:122,0
DA:128,1
DA:133,0
DA:134,0
DA:142,4
LF:38
LH:31
BRDA:18,0,0,1
BRDA:18,0,1,1
BRDA:32,1,0,1
BRDA:32,1,1,1
BRDA:65,2,0,1
BRDA:65,2,1,2
BRDA:74,3,0,1
BRDA:74,3,1,1
BRDA:89,4,0,1
BRDA:89,4,1,0
BRDA:121,5,0,0
BRDA:121,5,1,1
BRF:12
BRH:10
end_of_record
TN:
SF:controllers/beritaController.js
FN:6,(anonymous_0)
FN:20,(anonymous_1)
FN:47,(anonymous_2)
FN:73,(anonymous_3)
FN:104,(anonymous_4)
FN:150,(anonymous_5)
FN:204,(anonymous_6)
FNF:7
FNH:5
FNDA:1,(anonymous_0)
FNDA:1,(anonymous_1)
FNDA:0,(anonymous_2)
FNDA:2,(anonymous_3)
FNDA:1,(anonymous_4)
FNDA:0,(anonymous_5)
FNDA:1,(anonymous_6)
DA:1,4
DA:6,4
DA:7,1
DA:20,4
DA:21,1
DA:22,1
DA:23,1
DA:25,1
DA:27,1
DA:33,0
DA:34,0
DA:47,4
DA:48,0
DA:49,0
DA:50,0
DA:52,0
DA:54,0
DA:60,0
DA:61,0
DA:73,4
DA:74,2
DA:75,2
DA:76,2
DA:78,2
DA:79,1
DA:85,1
DA:90,0
DA:91,0
DA:104,4
DA:105,1
DA:106,1
DA:107,1
DA:110,1
DA:113,1
DA:114,1
DA:115,0
DA:119,1
DA:121,1
DA:130,1
DA:136,0
DA:137,0
DA:150,4
DA:151,0
DA:152,0
DA:153,0
DA:155,0
DA:156,0
DA:157,0
DA:164,0
DA:165,0
DA:166,0
DA:167,0
DA:168,0
DA:169,0
DA:174,0
DA:178,0
DA:186,0
DA:191,0
DA:192,0
DA:204,4
DA:205,1
DA:206,1
DA:208,1
DA:209,1
DA:210,0
DA:216,1
DA:218,1
DA:223,0
DA:224,0
DA:232,4
LF:70
LH:36
BRDA:22,0,0,1
BRDA:22,0,1,0
BRDA:23,1,0,1
BRDA:23,1,1,0
BRDA:49,2,0,0
BRDA:49,2,1,0
BRDA:50,3,0,0
BRDA:50,3,1,0
BRDA:78,4,0,1
BRDA:78,4,1,1
BRDA:114,5,0,0
BRDA:114,5,1,1
BRDA:119,6,0,0
BRDA:119,6,1,1
BRDA:127,7,0,1
BRDA:127,7,1,0
BRDA:156,8,0,0
BRDA:156,8,1,0
BRDA:165,9,0,0
BRDA:165,9,1,0
BRDA:165,10,0,0
BRDA:165,10,1,0
BRDA:168,11,0,0
BRDA:168,11,1,0
BRDA:168,12,0,0
BRDA:168,12,1,0
BRDA:174,13,0,0
BRDA:174,13,1,0
BRDA:179,14,0,0
BRDA:179,14,1,0
BRDA:181,15,0,0
BRDA:181,15,1,0
BRDA:183,16,0,0
BRDA:183,16,1,0
BRDA:209,17,0,0
BRDA:209,17,1,1
BRF:36
BRH:8
end_of_record
TN:
SF:controllers/dashboardController.js
FN:8,(anonymous_0)
FNF:1
FNH:1
FNDA:1,(anonymous_0)
DA:1,4
DA:8,4
DA:9,1
DA:11,1
DA:22,1
DA:32,1
DA:41,1
DA:49,1
DA:50,1
DA:51,1
DA:53,1
DA:78,0
DA:79,0
DA:87,4
LF:14
LH:12
BRF:0
BRH:0
end_of_record
TN:
SF:controllers/siswaController.js
FN:14,(anonymous_0)
FN:67,(anonymous_1)
FN:116,(anonymous_2)
FN:147,(anonymous_3)
FN:174,(anonymous_4)
FN:208,(anonymous_5)
FN:243,(anonymous_6)
FN:296,(anonymous_7)
FN:344,(anonymous_8)
FN:387,(anonymous_9)
FN:450,(anonymous_10)
FN:483,(anonymous_11)
FNF:12
FNH:7
FNDA:2,(anonymous_0)
FNDA:0,(anonymous_1)
FNDA:2,(anonymous_2)
FNDA:1,(anonymous_3)
FNDA:1,(anonymous_4)
FNDA:2,(anonymous_5)
FNDA:2,(anonymous_6)
FNDA:0,(anonymous_7)
FNDA:0,(anonymous_8)
FNDA:0,(anonymous_9)
FNDA:0,(anonymous_10)
FNDA:1,(anonymous_11)
DA:1,4
DA:2,4
DA:3,4
DA:14,4
DA:15,2
DA:16,2
DA:17,2
DA:20,2
DA:21,2
DA:22,1
DA:28,1
DA:38,1
DA:44,0
DA:47,0
DA:48,0
DA:54,0
DA:67,4
DA:68,0
DA:69,0
DA:70,0
DA:73,0
DA:74,0
DA:75,0
DA:81,0
DA:90,0
DA:95,0
DA:97,0
DA:98,0
DA:104,0
DA:116,4
DA:117,2
DA:118,2
DA:120,2
DA:121,2
DA:122,1
DA:128,1
DA:133,0
DA:134,0
DA:147,4
DA:148,1
DA:149,1
DA:150,1
DA:152,1
DA:154,1
DA:160,0
DA:161,0
DA:174,4
DA:175,1
DA:176,1
DA:177,1
DA:179,1
DA:180,1
DA:181,0
DA:187,1
DA:189,1
DA:194,0
DA:195,0
DA:208,4
DA:209,2
DA:210,2
DA:212,2
DA:213,2
DA:214,1
DA:220,1
DA:225,0
DA:226,0
DA:243,4
DA:244,2
DA:245,2
DA:246,2
DA:249,2
DA:250,2
DA:251,1
DA:258,1
DA:259,1
DA:260,0
DA:266,1
DA:276,1
DA:282,0
DA:283,0
DA:296,4
DA:297,0
DA:298,0
DA:299,0
DA:301,0
DA:302,0
DA:303,0
DA:309,0
DA:310,0
DA:311,0
DA:317,0
DA:326,0
DA:331,0
DA:332,0
DA:344,4
DA:345,0
DA:346,0
DA:348,0
DA:349,0
DA:350,0
DA:356,0
DA:357,0
DA:358,0
DA:364,0
DA:369,0
DA:370,0
DA:387,4
DA:388,0
DA:389,0
DA:390,0
DA:393,0
DA:394,0
DA:401,0
DA:402,0
DA:403,0
DA:409,0
DA:412,0
DA:413,0
DA:414,0
DA:415,0
DA:422,0
DA:428,0
DA:437,0
DA:438,0
DA:450,4
DA:451,0
DA:452,0
DA:454,0
DA:455,0
DA:456,0
DA:462,0
DA:464,0
DA:469,0
DA:470,0
DA:483,4
DA:484,1
DA:485,1
DA:486,1
DA:488,1
DA:489,1
DA:490,0
DA:496,1
DA:498,1
DA:503,0
DA:504,0
DA:512,4
LF:146
LH:65
BRDA:21,0,0,1
BRDA:21,0,1,1
BRDA:47,1,0,0
BRDA:47,1,1,0
BRDA:74,2,0,0
BRDA:74,2,1,0
BRDA:97,3,0,0
BRDA:97,3,1,0
BRDA:121,4,0,1
BRDA:121,4,1,1
BRDA:149,5,0,1
BRDA:149,5,1,0
BRDA:150,6,0,1
BRDA:150,6,1,0
BRDA:180,7,0,0
BRDA:180,7,1,1
BRDA:213,8,0,1
BRDA:213,8,1,1
BRDA:250,9,0,1
BRDA:250,9,1,1
BRDA:259,10,0,0
BRDA:259,10,1,1
BRDA:302,11,0,0
BRDA:302,11,1,0
BRDA:310,12,0,0
BRDA:310,12,1,0
BRDA:349,13,0,0
BRDA:349,13,1,0
BRDA:357,14,0,0
BRDA:357,14,1,0
BRDA:393,15,0,0
BRDA:393,15,1,0
BRDA:402,16,0,0
BRDA:402,16,1,0
BRDA:413,17,0,0
BRDA:413,17,1,0
BRDA:455,18,0,0
BRDA:455,18,1,0
BRDA:489,19,0,0
BRDA:489,19,1,1
BRF:40
BRH:13
end_of_record
TN:
SF:middlewares/auth.js
FN:7,(anonymous_0)
FN:35,(anonymous_1)
FN:36,(anonymous_2)
FNF:3
FNH:3
FNDA:25,(anonymous_0)
FNDA:32,(anonymous_1)
FNDA:11,(anonymous_2)
DA:1,4
DA:7,4
DA:8,25
DA:10,25
DA:11,2
DA:17,23
DA:19,23
DA:20,23
DA:21,22
DA:22,22
DA:24,1
DA:35,4
DA:36,32
DA:37,11
DA:38,2
DA:43,9
DA:47,4
LF:17
LH:17
BRDA:10,0,0,2
BRDA:10,0,1,23
BRDA:10,1,0,25
BRDA:10,1,1,23
BRDA:37,2,0,2
BRDA:37,2,1,9
BRDA:37,3,0,11
BRDA:37,3,1,11
BRF:8
BRH:8
end_of_record
TN:
SF:middlewares/upload.js
FN:6,(anonymous_0)
FN:9,(anonymous_1)
FN:17,(anonymous_2)
FNF:3
FNH:0
FNDA:0,(anonymous_0)
FNDA:0,(anonymous_1)
FNDA:0,(anonymous_2)
DA:1,4
DA:2,4
DA:5,4
DA:7,0
DA:10,0
DA:11,0
DA:12,0
DA:17,4
DA:18,0
DA:25,0
DA:26,0
DA:28,0
DA:32,4
DA:40,4
LF:14
LH:6
BRDA:25,0,0,0
BRDA:25,0,1,0
BRF:2
BRH:0
end_of_record
TN:
SF:middlewares/validate.js
FN:8,(anonymous_0)
FN:12,(anonymous_1)
FNF:2
FNH:2
FNDA:26,(anonymous_0)
FNDA:17,(anonymous_1)
DA:1,4
DA:8,4
DA:9,26
DA:11,26
DA:12,17
DA:17,12
DA:24,14
DA:27,4
LF:8
LH:8
BRDA:11,0,0,12
BRDA:11,0,1,14
BRF:2
BRH:2
end_of_record
TN:
SF:models/beritaModel.js
FN:9,(anonymous_0)
FN:43,(anonymous_1)
FN:69,(anonymous_2)
FN:80,(anonymous_3)
FN:85,(anonymous_4)
FN:93,(anonymous_5)
FN:101,(anonymous_6)
FNF:7
FNH:5
FNDA:1,(anonymous_0)
FNDA:0,(anonymous_1)
FNDA:3,(anonymous_2)
FNDA:1,(anonymous_3)
FNDA:1,(anonymous_4)
FNDA:0,(anonymous_5)
FNDA:1,(anonymous_6)
DA:1,4
DA:3,4
DA:10,1
DA:12,1
DA:22,1
DA:25,1
DA:27,1
DA:44,0
DA:46,0
DA:55,0
DA:56,0
DA:58,0
DA:70,3
DA:77,3
DA:81,1
DA:82,1
DA:86,1
DA:90,1
DA:94,0
DA:98,0
DA:102,1
DA:103,1
DA:107,4
LF:23
LH:16
BRDA:9,0,0,0
BRDA:9,1,0,0
BRDA:9,2,0,0
BRDA:43,3,0,0
BRDA:43,4,0,0
BRDA:43,5,0,0
BRDA:85,6,0,0
BRF:7
BRH:0
end_of_record
TN:
SF:models/berkasModel.js
FN:4,(anonymous_0)
FN:12,(anonymous_1)
FN:17,(anonymous_2)
FN:25,(anonymous_3)
FN:33,(anonymous_4)
FN:41,(anonymous_5)
FNF:6
FNH:2
FNDA:0,(anonymous_0)
FNDA:1,(anonymous_1)
FNDA:0,(anonymous_2)
FNDA:0,(anonymous_3)
FNDA:0,(anonymous_4)
FNDA:1,(anonymous_5)
DA:1,4
DA:3,4
DA:5,0
DA:9,0
DA:13,1
DA:14,1
DA:18,0
DA:22,0
DA:26,0
DA:30,0
DA:34,0
DA:38,0
DA:42,1
DA:46,1
DA:50,4
LF:15
LH:7
BRF:0
BRH:0
end_of_record
TN:
SF:models/calonSiswaModel.js
FN:4,(anonymous_0)
FN:9,(anonymous_1)
FN:18,(anonymous_2)
FN:33,(anonymous_3)
FN:59,(anonymous_4)
FN:69,(anonymous_5)
FN:79,(anonymous_6)
FNF:7
FNH:6
FNDA:6,(anonymous_0)
FNDA:1,(anonymous_1)
FNDA:2,(anonymous_2)
FNDA:1,(anonymous_3)
FNDA:1,(anonymous_4)
FNDA:0,(anonymous_5)
FNDA:1,(anonymous_6)
DA:1,4
DA:3,4
DA:5,6
DA:6,6
DA:10,1
DA:11,1
DA:19,2
DA:25,2
DA:34,1
DA:36,1
DA:45,1
DA:46,1
DA:48,1
DA:60,1
DA:66,1
DA:70,0
DA:76,0
DA:80,1
DA:84,1
DA:88,4
LF:20
LH:18
BRDA:33,0,0,0
BRDA:33,1,0,0
BRDA:33,2,0,0
BRF:3
BRH:0
end_of_record
TN:
SF:models/orangTuaModel.js
FN:4,(anonymous_0)
FN:12,(anonymous_1)
FN:22,(anonymous_2)
FNF:3
FNH:2
FNDA:1,(anonymous_0)
FNDA:1,(anonymous_1)
FNDA:0,(anonymous_2)
DA:1,4
DA:3,4
DA:5,1
DA:9,1
DA:13,1
DA:19,1
DA:23,0
DA:29,0
DA:33,4
LF:9
LH:7
BRF:0
BRH:0
end_of_record
TN:
SF:models/userModel.js
FN:4,(anonymous_0)
FN:9,(anonymous_1)
FN:14,(anonymous_2)
FNF:3
FNH:3
FNDA:5,(anonymous_0)
FNDA:1,(anonymous_1)
FNDA:1,(anonymous_2)
DA:1,4
DA:3,4
DA:5,5
DA:6,5
DA:10,1
DA:11,1
DA:15,1
DA:19,1
DA:23,4
LF:9
LH:9
BRDA:14,0,0,0
BRF:1
BRH:0
end_of_record
TN:
SF:routes/authRoutes.js
FNF:0
FNH:0
DA:1,4
DA:2,4
DA:3,4
DA:4,4
DA:5,4
DA:6,4
DA:59,4
DA:85,4
DA:123,4
DA:125,4
LF:10
LH:10
BRF:0
BRH:0
end_of_record
TN:
SF:routes/beritaRoutes.js
FNF:0
FNH:0
DA:1,4
DA:2,4
DA:3,4
DA:4,4
DA:5,4
DA:6,4
DA:14,4
DA:60,4
DA:91,4
DA:134,4
DA:193,4
DA:254,4
DA:255,4
DA:257,4
LF:14
LH:14
BRF:0
BRH:0
end_of_record
TN:
SF:routes/dashboardRoutes.js
FNF:0
FNH:0
DA:1,4
DA:2,4
DA:3,4
DA:4,4
DA:45,4
DA:47,4
LF:6
LH:6
BRF:0
BRH:0
end_of_record
TN:
SF:routes/siswaRoutes.js
FNF:0
FNH:0
DA:1,4
DA:2,4
DA:3,4
DA:4,4
DA:5,4
DA:13,4
DA:27,4
DA:82,4
DA:85,4
DA:150,4
DA:151,4
DA:152,4
DA:206,4
DA:207,4
DA:208,4
DA:244,4
DA:282,4
DA:325,4
DA:362,4
DA:399,4
DA:401,4
LF:21
LH:21
BRF:0
BRH:0
end_of_record
TN:
SF:validators/authValidator.js
FNF:0
FNH:0
DA:1,4
DA:6,4
DA:26,4
DA:37,4
LF:4
LH:4
BRF:0
BRH:0
end_of_record
TN:
SF:validators/beritaValidator.js
FNF:0
FNH:0
DA:1,4
DA:6,4
DA:26,4
DA:46,4
LF:4
LH:4
BRF:0
BRH:0
end_of_record
TN:
SF:validators/siswaValidator.js
FN:27,(anonymous_0)
FNF:1
FNH:1
FNDA:5,(anonymous_0)
DA:1,4
DA:6,4
DA:28,5
DA:29,1
DA:31,4
DA:48,4
DA:85,4
DA:95,4
DA:108,4
DA:121,4
DA:126,4
LF:11
LH:11
BRDA:28,0,0,1
BRDA:28,0,1,4
BRF:2
BRH:2
end_of_record
